00:00:00.000213 main     VirtualBox XPCOM Server 7.0.14 r161095 linux.amd64 (Jan 15 2024 15:20:58) release log
00:00:00.000216 main     Log opened 2024-03-27T00:11:45.276176000Z
00:00:00.000217 main     Build Type: release
00:00:00.000219 main     OS Product: Linux
00:00:00.000220 main     OS Release: 6.5.0-26-generic
00:00:00.000221 main     OS Version: #26~22.04.1-Ubuntu SMP PREEMPT_DYNAMIC Tue Mar 12 10:22:43 UTC 2
00:00:00.000247 main     DMI Product Name: Precision 5570
00:00:00.000252 main     DMI Product Version: 
00:00:00.000257 main     Firmware type: UEFI
00:00:00.001710 main     Secure Boot: Disabled
00:00:00.001780 main     Host RAM: 63965MB (62.4GB) total, 60609MB (59.1GB) available
00:00:00.001783 main     Executable: /usr/lib/virtualbox/VBoxSVC
00:00:00.001784 main     Process ID: 36399
00:00:00.001784 main     Package type: LINUX_64BITS_UBUNTU_22_04
00:00:00.003003 main     IPC socket path: /tmp/.vbox-krit-ipc/ipcd
00:00:00.107924 nspr-2   VirtualBox: object creation starts
00:00:00.108016 nspr-2   Home directory: '/home/krit/.config/VirtualBox'
00:00:00.108181 nspr-2   Loading settings file "/home/krit/.config/VirtualBox/VirtualBox.xml" with version "1.12-linux"
00:00:00.117800 nspr-2   NetIfAdpCtlOut: VBoxNetAdpCtl: Error while retrieving link speed for wlp0s20f3: VBoxNetAdpCtl: ioctl failed: Operation not supported
00:00:00.118881 nspr-2   HostDnsMonitor: initializing
00:00:00.119325 nspr-2   NAT: resolv.conf: nameserver 127.0.0.53
00:00:00.119337 nspr-2   NAT: resolv.conf: ignoring "options edns0 trust-ad"
00:00:00.119345 nspr-2   HostDnsMonitor: updating information
00:00:00.119360 nspr-2   HostDnsMonitor: old information
00:00:00.119362 nspr-2     no server entries
00:00:00.119363 nspr-2     no domain set
00:00:00.119365 nspr-2     no search string entries
00:00:00.119367 nspr-2   HostDnsMonitor: new information
00:00:00.119369 nspr-2     server 1: 127.0.0.53
00:00:00.119371 nspr-2     domain: .
00:00:00.119373 nspr-2     search string 1: .
00:00:00.122250 nspr-2   VD: VDInit finished with VINF_SUCCESS
00:00:00.124702 nspr-2   OCI: Local config file '/home/krit/.config/VirtualBox/oci_config' does not exist
00:00:00.124716 nspr-2   OCI: Original config file '/home/krit/.oci/config' does not exist
00:00:00.124718 nspr-2   OCI: Reading profiles finished with status NS_OK
00:00:00.124723 nspr-2   ExtPack: Created cloud provider 'OCI' (hrc=NS_OK)
00:00:00.124759 nspr-2   VirtualBox: object created
00:00:00.134886 nspr-2   Import settings with version "1.12-linux"
00:00:00.134999 nspr-2   ERROR [COM]: aRC=VBOX_E_OBJECT_NOT_FOUND (0x80bb0001) aIID={7682d5eb-f00e-44f1-8ca2-99d08b1cd607} aComponent={VirtualBoxWrap} aText={Could not find a registered machine named 'ubuntu-cloudimg-trusty-vagrant-amd64'}, preserve=false aResultDetail=0
00:00:00.135121 nspr-2   ERROR [COM]: aRC=VBOX_E_FILE_ERROR (0x80bb0004) aIID={ad47ad09-787b-44ab-b343-a082a3f2dfb1} aComponent={MediumWrap} aText={Could not find file for the medium '/home/krit/VirtualBox VMs/ubuntu-cloudimg-trusty-vagrant-amd64/box-disk1.vmdk' (VERR_FILE_NOT_FOUND)}, preserve=false aResultDetail=-102
00:00:00.198603 nspr-2   Import settings with version "1.12-linux"
00:00:00.198847 nspr-2   ERROR [COM]: aRC=VBOX_E_OBJECT_NOT_FOUND (0x80bb0001) aIID={7682d5eb-f00e-44f1-8ca2-99d08b1cd607} aComponent={VirtualBoxWrap} aText={Could not find a registered machine named 'ubuntu-cloudimg-trusty-vagrant-amd64'}, preserve=false aResultDetail=0
00:00:00.199051 nspr-2   ERROR [COM]: aRC=VBOX_E_FILE_ERROR (0x80bb0004) aIID={ad47ad09-787b-44ab-b343-a082a3f2dfb1} aComponent={MediumWrap} aText={Could not find file for the medium '/home/krit/VirtualBox VMs/ubuntu-cloudimg-trusty-vagrant-amd64/box-disk1.vmdk' (VERR_FILE_NOT_FOUND)}, preserve=false aResultDetail=-102
00:00:08.761474 createImport Saving settings file "/home/krit/.config/VirtualBox/VirtualBox.xml" with version "1.12-linux"
00:00:08.763037 createImport Finished saving settings file "/home/krit/.config/VirtualBox/VirtualBox.xml"
00:00:08.763690 ApplImp  Saving settings file "/home/krit/VirtualBox VMs/ubuntu-cloudimg-trusty-vagrant-amd64_1711498305424_99007/ubuntu-cloudimg-trusty-vagrant-amd64_1711498305424_99007.vbox" with version "1.19-linux"
00:00:08.765416 ApplImp  Finished saving settings file "/home/krit/VirtualBox VMs/ubuntu-cloudimg-trusty-vagrant-amd64_1711498305424_99007/ubuntu-cloudimg-trusty-vagrant-amd64_1711498305424_99007.vbox"
00:00:08.765490 ApplImp  Saving settings file "/home/krit/.config/VirtualBox/VirtualBox.xml" with version "1.12-linux"
00:00:08.766973 ApplImp  Finished saving settings file "/home/krit/.config/VirtualBox/VirtualBox.xml"
00:00:08.912160 nspr-2   ERROR [COM]: aRC=VBOX_E_NOT_SUPPORTED (0x80bb0009) aIID={300763af-5d6b-46e6-aa96-273eac15538a} aComponent={SessionMachine} aText={This VM is not encrypted}, preserve=false aResultDetail=0
00:00:08.927148 nspr-2   WARNING [COM]: aRC=NS_ERROR_FAILURE (0x80004005) aIID={e54f6256-97a7-4947-8a78-10c013ddf4b8} aComponent={HostWrap} aText={VirtualBox is not currently allowed to access USB devices.  You can change this by adding your user to the 'vboxusers' group.  Please see the user manual for a more detailed explanation}, preserve=true aResultDetail=0
00:00:08.927250 nspr-3   WARNING [COM]: aRC=NS_ERROR_FAILURE (0x80004005) aIID={e54f6256-97a7-4947-8a78-10c013ddf4b8} aComponent={HostWrap} aText={VirtualBox is not currently allowed to access USB devices.  You can change this by adding your user to the 'vboxusers' group.  Please see the user manual for a more detailed explanation}, preserve=true aResultDetail=0
00:00:08.928963 nspr-2   ERROR [COM]: aRC=NS_ERROR_FAILURE (0x80004005) aIID={300763af-5d6b-46e6-aa96-273eac15538a} aComponent={SessionMachine} aText={This machine does not have any snapshots}, preserve=false aResultDetail=0
00:00:08.989935 nspr-2   ERROR [COM]: aRC=VBOX_E_NOT_SUPPORTED (0x80bb0009) aIID={300763af-5d6b-46e6-aa96-273eac15538a} aComponent={SessionMachine} aText={This VM is not encrypted}, preserve=false aResultDetail=0
00:00:09.005377 nspr-2   WARNING [COM]: aRC=NS_ERROR_FAILURE (0x80004005) aIID={e54f6256-97a7-4947-8a78-10c013ddf4b8} aComponent={HostWrap} aText={VirtualBox is not currently allowed to access USB devices.  You can change this by adding your user to the 'vboxusers' group.  Please see the user manual for a more detailed explanation}, preserve=true aResultDetail=0
00:00:09.005632 nspr-3   WARNING [COM]: aRC=NS_ERROR_FAILURE (0x80004005) aIID={e54f6256-97a7-4947-8a78-10c013ddf4b8} aComponent={HostWrap} aText={VirtualBox is not currently allowed to access USB devices.  You can change this by adding your user to the 'vboxusers' group.  Please see the user manual for a more detailed explanation}, preserve=true aResultDetail=0
00:00:09.009341 nspr-3   ERROR [COM]: aRC=NS_ERROR_FAILURE (0x80004005) aIID={300763af-5d6b-46e6-aa96-273eac15538a} aComponent={SessionMachine} aText={This machine does not have any snapshots}, preserve=false aResultDetail=0
00:00:09.077387 nspr-3   Saving settings file "/home/krit/VirtualBox VMs/ubuntu-cloudimg-trusty-vagrant-amd64_1711498305424_99007/ubuntu-cloudimg-trusty-vagrant-amd64_1711498305424_99007.vbox" with version "1.19-linux"
00:00:09.078864 nspr-3   Finished saving settings file "/home/krit/VirtualBox VMs/ubuntu-cloudimg-trusty-vagrant-amd64_1711498305424_99007/ubuntu-cloudimg-trusty-vagrant-amd64_1711498305424_99007.vbox"
00:00:09.157389 nspr-3   NetIfAdpCtlOut: VBoxNetAdpCtl: Error while retrieving link speed for wlp0s20f3: VBoxNetAdpCtl: ioctl failed: Operation not supported
00:00:10.542751 nspr-3   ERROR [COM]: aRC=VBOX_E_NOT_SUPPORTED (0x80bb0009) aIID={300763af-5d6b-46e6-aa96-273eac15538a} aComponent={SessionMachine} aText={This VM is not encrypted}, preserve=false aResultDetail=0
00:00:10.561455 nspr-2   WARNING [COM]: aRC=NS_ERROR_FAILURE (0x80004005) aIID={e54f6256-97a7-4947-8a78-10c013ddf4b8} aComponent={HostWrap} aText={VirtualBox is not currently allowed to access USB devices.  You can change this by adding your user to the 'vboxusers' group.  Please see the user manual for a more detailed explanation}, preserve=true aResultDetail=0
00:00:10.561640 nspr-3   WARNING [COM]: aRC=NS_ERROR_FAILURE (0x80004005) aIID={e54f6256-97a7-4947-8a78-10c013ddf4b8} aComponent={HostWrap} aText={VirtualBox is not currently allowed to access USB devices.  You can change this by adding your user to the 'vboxusers' group.  Please see the user manual for a more detailed explanation}, preserve=true aResultDetail=0
00:00:10.564821 nspr-2   ERROR [COM]: aRC=NS_ERROR_FAILURE (0x80004005) aIID={300763af-5d6b-46e6-aa96-273eac15538a} aComponent={SessionMachine} aText={This machine does not have any snapshots}, preserve=false aResultDetail=0
00:00:10.653040 nspr-2   ERROR [COM]: aRC=VBOX_E_NOT_SUPPORTED (0x80bb0009) aIID={300763af-5d6b-46e6-aa96-273eac15538a} aComponent={SessionMachine} aText={This VM is not encrypted}, preserve=false aResultDetail=0
00:00:10.668986 nspr-2   WARNING [COM]: aRC=NS_ERROR_FAILURE (0x80004005) aIID={e54f6256-97a7-4947-8a78-10c013ddf4b8} aComponent={HostWrap} aText={VirtualBox is not currently allowed to access USB devices.  You can change this by adding your user to the 'vboxusers' group.  Please see the user manual for a more detailed explanation}, preserve=true aResultDetail=0
00:00:10.669104 nspr-3   WARNING [COM]: aRC=NS_ERROR_FAILURE (0x80004005) aIID={e54f6256-97a7-4947-8a78-10c013ddf4b8} aComponent={HostWrap} aText={VirtualBox is not currently allowed to access USB devices.  You can change this by adding your user to the 'vboxusers' group.  Please see the user manual for a more detailed explanation}, preserve=true aResultDetail=0
00:00:10.670879 nspr-2   ERROR [COM]: aRC=NS_ERROR_FAILURE (0x80004005) aIID={300763af-5d6b-46e6-aa96-273eac15538a} aComponent={SessionMachine} aText={This machine does not have any snapshots}, preserve=false aResultDetail=0
00:00:10.792633 nspr-2   ERROR [COM]: aRC=VBOX_E_NOT_SUPPORTED (0x80bb0009) aIID={300763af-5d6b-46e6-aa96-273eac15538a} aComponent={SessionMachine} aText={This VM is not encrypted}, preserve=false aResultDetail=0
00:00:10.807312 nspr-2   WARNING [COM]: aRC=NS_ERROR_FAILURE (0x80004005) aIID={e54f6256-97a7-4947-8a78-10c013ddf4b8} aComponent={HostWrap} aText={VirtualBox is not currently allowed to access USB devices.  You can change this by adding your user to the 'vboxusers' group.  Please see the user manual for a more detailed explanation}, preserve=true aResultDetail=0
00:00:10.807448 nspr-3   WARNING [COM]: aRC=NS_ERROR_FAILURE (0x80004005) aIID={e54f6256-97a7-4947-8a78-10c013ddf4b8} aComponent={HostWrap} aText={VirtualBox is not currently allowed to access USB devices.  You can change this by adding your user to the 'vboxusers' group.  Please see the user manual for a more detailed explanation}, preserve=true aResultDetail=0
00:00:10.811396 nspr-2   ERROR [COM]: aRC=NS_ERROR_FAILURE (0x80004005) aIID={300763af-5d6b-46e6-aa96-273eac15538a} aComponent={SessionMachine} aText={This machine does not have any snapshots}, preserve=false aResultDetail=0
00:00:10.969059 nspr-3   ERROR [COM]: aRC=VBOX_E_NOT_SUPPORTED (0x80bb0009) aIID={300763af-5d6b-46e6-aa96-273eac15538a} aComponent={SessionMachine} aText={This VM is not encrypted}, preserve=false aResultDetail=0
00:00:10.981841 nspr-3   WARNING [COM]: aRC=NS_ERROR_FAILURE (0x80004005) aIID={e54f6256-97a7-4947-8a78-10c013ddf4b8} aComponent={HostWrap} aText={VirtualBox is not currently allowed to access USB devices.  You can change this by adding your user to the 'vboxusers' group.  Please see the user manual for a more detailed explanation}, preserve=true aResultDetail=0
00:00:10.981969 nspr-2   WARNING [COM]: aRC=NS_ERROR_FAILURE (0x80004005) aIID={e54f6256-97a7-4947-8a78-10c013ddf4b8} aComponent={HostWrap} aText={VirtualBox is not currently allowed to access USB devices.  You can change this by adding your user to the 'vboxusers' group.  Please see the user manual for a more detailed explanation}, preserve=true aResultDetail=0
00:00:10.983560 nspr-3   ERROR [COM]: aRC=NS_ERROR_FAILURE (0x80004005) aIID={300763af-5d6b-46e6-aa96-273eac15538a} aComponent={SessionMachine} aText={This machine does not have any snapshots}, preserve=false aResultDetail=0
00:00:11.169788 nspr-3   Saving settings file "/home/krit/VirtualBox VMs/pintos0_default_1711498316343_40354/pintos0_default_1711498316343_40354.vbox" with version "1.19-linux"
00:00:11.183713 nspr-3   Finished saving settings file "/home/krit/VirtualBox VMs/pintos0_default_1711498316343_40354/pintos0_default_1711498316343_40354.vbox"
00:00:11.183966 SaveMediaReg Saving settings file "/home/krit/VirtualBox VMs/pintos0_default_1711498316343_40354/pintos0_default_1711498316343_40354.vbox" with version "1.19-linux"
00:00:11.185625 SaveMediaReg Finished saving settings file "/home/krit/VirtualBox VMs/pintos0_default_1711498316343_40354/pintos0_default_1711498316343_40354.vbox"
00:00:11.185738 nspr-3   Saving settings file "/home/krit/.config/VirtualBox/VirtualBox.xml" with version "1.12-linux"
00:00:11.187126 nspr-3   Finished saving settings file "/home/krit/.config/VirtualBox/VirtualBox.xml"
00:00:11.268877 nspr-2   ERROR [COM]: aRC=VBOX_E_NOT_SUPPORTED (0x80bb0009) aIID={300763af-5d6b-46e6-aa96-273eac15538a} aComponent={SessionMachine} aText={This VM is not encrypted}, preserve=false aResultDetail=0
00:00:11.282851 nspr-2   WARNING [COM]: aRC=NS_ERROR_FAILURE (0x80004005) aIID={e54f6256-97a7-4947-8a78-10c013ddf4b8} aComponent={HostWrap} aText={VirtualBox is not currently allowed to access USB devices.  You can change this by adding your user to the 'vboxusers' group.  Please see the user manual for a more detailed explanation}, preserve=true aResultDetail=0
00:00:11.282971 nspr-3   WARNING [COM]: aRC=NS_ERROR_FAILURE (0x80004005) aIID={e54f6256-97a7-4947-8a78-10c013ddf4b8} aComponent={HostWrap} aText={VirtualBox is not currently allowed to access USB devices.  You can change this by adding your user to the 'vboxusers' group.  Please see the user manual for a more detailed explanation}, preserve=true aResultDetail=0
00:00:11.284522 nspr-2   ERROR [COM]: aRC=NS_ERROR_FAILURE (0x80004005) aIID={300763af-5d6b-46e6-aa96-273eac15538a} aComponent={SessionMachine} aText={This machine does not have any snapshots}, preserve=false aResultDetail=0
00:00:11.341028 nspr-2   ERROR [COM]: aRC=VBOX_E_NOT_SUPPORTED (0x80bb0009) aIID={300763af-5d6b-46e6-aa96-273eac15538a} aComponent={SessionMachine} aText={This VM is not encrypted}, preserve=false aResultDetail=0
00:00:11.352537 nspr-2   WARNING [COM]: aRC=NS_ERROR_FAILURE (0x80004005) aIID={e54f6256-97a7-4947-8a78-10c013ddf4b8} aComponent={HostWrap} aText={VirtualBox is not currently allowed to access USB devices.  You can change this by adding your user to the 'vboxusers' group.  Please see the user manual for a more detailed explanation}, preserve=true aResultDetail=0
00:00:11.352635 nspr-3   WARNING [COM]: aRC=NS_ERROR_FAILURE (0x80004005) aIID={e54f6256-97a7-4947-8a78-10c013ddf4b8} aComponent={HostWrap} aText={VirtualBox is not currently allowed to access USB devices.  You can change this by adding your user to the 'vboxusers' group.  Please see the user manual for a more detailed explanation}, preserve=true aResultDetail=0
00:00:11.353978 nspr-2   ERROR [COM]: aRC=NS_ERROR_FAILURE (0x80004005) aIID={300763af-5d6b-46e6-aa96-273eac15538a} aComponent={SessionMachine} aText={This machine does not have any snapshots}, preserve=false aResultDetail=0
00:00:11.416172 nspr-3   Saving settings file "/home/krit/VirtualBox VMs/pintos0_default_1711498316343_40354/pintos0_default_1711498316343_40354.vbox" with version "1.19-linux"
00:00:11.430217 nspr-3   Finished saving settings file "/home/krit/VirtualBox VMs/pintos0_default_1711498316343_40354/pintos0_default_1711498316343_40354.vbox"
00:00:11.551393 nspr-3   ERROR [COM]: aRC=VBOX_E_NOT_SUPPORTED (0x80bb0009) aIID={300763af-5d6b-46e6-aa96-273eac15538a} aComponent={SessionMachine} aText={This VM is not encrypted}, preserve=false aResultDetail=0
00:00:11.568743 nspr-3   WARNING [COM]: aRC=NS_ERROR_FAILURE (0x80004005) aIID={e54f6256-97a7-4947-8a78-10c013ddf4b8} aComponent={HostWrap} aText={VirtualBox is not currently allowed to access USB devices.  You can change this by adding your user to the 'vboxusers' group.  Please see the user manual for a more detailed explanation}, preserve=true aResultDetail=0
00:00:11.568886 nspr-2   WARNING [COM]: aRC=NS_ERROR_FAILURE (0x80004005) aIID={e54f6256-97a7-4947-8a78-10c013ddf4b8} aComponent={HostWrap} aText={VirtualBox is not currently allowed to access USB devices.  You can change this by adding your user to the 'vboxusers' group.  Please see the user manual for a more detailed explanation}, preserve=true aResultDetail=0
00:00:11.570531 nspr-3   ERROR [COM]: aRC=NS_ERROR_FAILURE (0x80004005) aIID={300763af-5d6b-46e6-aa96-273eac15538a} aComponent={SessionMachine} aText={This machine does not have any snapshots}, preserve=false aResultDetail=0
00:00:11.707682 nspr-2   ERROR [COM]: aRC=VBOX_E_NOT_SUPPORTED (0x80bb0009) aIID={300763af-5d6b-46e6-aa96-273eac15538a} aComponent={SessionMachine} aText={This VM is not encrypted}, preserve=false aResultDetail=0
00:00:11.719733 nspr-2   WARNING [COM]: aRC=NS_ERROR_FAILURE (0x80004005) aIID={e54f6256-97a7-4947-8a78-10c013ddf4b8} aComponent={HostWrap} aText={VirtualBox is not currently allowed to access USB devices.  You can change this by adding your user to the 'vboxusers' group.  Please see the user manual for a more detailed explanation}, preserve=true aResultDetail=0
00:00:11.719841 nspr-3   WARNING [COM]: aRC=NS_ERROR_FAILURE (0x80004005) aIID={e54f6256-97a7-4947-8a78-10c013ddf4b8} aComponent={HostWrap} aText={VirtualBox is not currently allowed to access USB devices.  You can change this by adding your user to the 'vboxusers' group.  Please see the user manual for a more detailed explanation}, preserve=true aResultDetail=0
00:00:11.721383 nspr-2   ERROR [COM]: aRC=NS_ERROR_FAILURE (0x80004005) aIID={300763af-5d6b-46e6-aa96-273eac15538a} aComponent={SessionMachine} aText={This machine does not have any snapshots}, preserve=false aResultDetail=0
00:00:11.860214 nspr-3   Saving settings file "/home/krit/VirtualBox VMs/pintos0_default_1711498316343_40354/pintos0_default_1711498316343_40354.vbox" with version "1.19-linux"
00:00:11.875209 nspr-3   Finished saving settings file "/home/krit/VirtualBox VMs/pintos0_default_1711498316343_40354/pintos0_default_1711498316343_40354.vbox"
00:00:11.985210 nspr-2   Saving settings file "/home/krit/VirtualBox VMs/pintos0_default_1711498316343_40354/pintos0_default_1711498316343_40354.vbox" with version "1.19-linux"
00:00:11.999318 nspr-2   Finished saving settings file "/home/krit/VirtualBox VMs/pintos0_default_1711498316343_40354/pintos0_default_1711498316343_40354.vbox"
00:00:12.062104 nspr-3   Saving settings file "/home/krit/VirtualBox VMs/pintos0_default_1711498316343_40354/pintos0_default_1711498316343_40354.vbox" with version "1.19-linux"
00:00:12.064621 nspr-3   Finished saving settings file "/home/krit/VirtualBox VMs/pintos0_default_1711498316343_40354/pintos0_default_1711498316343_40354.vbox"
00:00:12.126242 nspr-3   Saving settings file "/home/krit/VirtualBox VMs/pintos0_default_1711498316343_40354/pintos0_default_1711498316343_40354.vbox" with version "1.19-linux"
00:00:12.128884 nspr-3   Finished saving settings file "/home/krit/VirtualBox VMs/pintos0_default_1711498316343_40354/pintos0_default_1711498316343_40354.vbox"
00:00:12.190064 nspr-3   Saving settings file "/home/krit/VirtualBox VMs/pintos0_default_1711498316343_40354/pintos0_default_1711498316343_40354.vbox" with version "1.19-linux"
00:00:12.192898 nspr-3   Finished saving settings file "/home/krit/VirtualBox VMs/pintos0_default_1711498316343_40354/pintos0_default_1711498316343_40354.vbox"
00:00:12.254085 nspr-2   Saving settings file "/home/krit/VirtualBox VMs/pintos0_default_1711498316343_40354/pintos0_default_1711498316343_40354.vbox" with version "1.19-linux"
00:00:12.256928 nspr-2   Finished saving settings file "/home/krit/VirtualBox VMs/pintos0_default_1711498316343_40354/pintos0_default_1711498316343_40354.vbox"
00:00:12.314160 nspr-2   ERROR [COM]: aRC=VBOX_E_NOT_SUPPORTED (0x80bb0009) aIID={300763af-5d6b-46e6-aa96-273eac15538a} aComponent={SessionMachine} aText={This VM is not encrypted}, preserve=false aResultDetail=0
00:00:12.328620 nspr-2   WARNING [COM]: aRC=NS_ERROR_FAILURE (0x80004005) aIID={e54f6256-97a7-4947-8a78-10c013ddf4b8} aComponent={HostWrap} aText={VirtualBox is not currently allowed to access USB devices.  You can change this by adding your user to the 'vboxusers' group.  Please see the user manual for a more detailed explanation}, preserve=true aResultDetail=0
00:00:12.328793 nspr-3   WARNING [COM]: aRC=NS_ERROR_FAILURE (0x80004005) aIID={e54f6256-97a7-4947-8a78-10c013ddf4b8} aComponent={HostWrap} aText={VirtualBox is not currently allowed to access USB devices.  You can change this by adding your user to the 'vboxusers' group.  Please see the user manual for a more detailed explanation}, preserve=true aResultDetail=0
00:00:12.331512 nspr-2   ERROR [COM]: aRC=NS_ERROR_FAILURE (0x80004005) aIID={300763af-5d6b-46e6-aa96-273eac15538a} aComponent={SessionMachine} aText={This machine does not have any snapshots}, preserve=false aResultDetail=0
00:00:12.396035 nspr-3   Saving settings file "/home/krit/VirtualBox VMs/pintos0_default_1711498316343_40354/pintos0_default_1711498316343_40354.vbox" with version "1.19-linux"
00:00:12.411176 nspr-3   Finished saving settings file "/home/krit/VirtualBox VMs/pintos0_default_1711498316343_40354/pintos0_default_1711498316343_40354.vbox"
00:00:12.472137 nspr-2   Saving settings file "/home/krit/VirtualBox VMs/pintos0_default_1711498316343_40354/pintos0_default_1711498316343_40354.vbox" with version "1.19-linux"
00:00:12.473927 nspr-2   Finished saving settings file "/home/krit/VirtualBox VMs/pintos0_default_1711498316343_40354/pintos0_default_1711498316343_40354.vbox"
00:00:12.536681 nspr-2   Saving settings file "/home/krit/VirtualBox VMs/pintos0_default_1711498316343_40354/pintos0_default_1711498316343_40354.vbox" with version "1.19-linux"
00:00:12.538768 nspr-2   Finished saving settings file "/home/krit/VirtualBox VMs/pintos0_default_1711498316343_40354/pintos0_default_1711498316343_40354.vbox"
00:00:12.700967 nspr-3   Launched VM: 335550208 pid: 36946 (0x9052) frontend: headless name: pintos0_default_1711498316343_40354
00:00:12.785730 nspr-4   WARNING [COM]: aRC=NS_ERROR_FAILURE (0x80004005) aIID={e54f6256-97a7-4947-8a78-10c013ddf4b8} aComponent={HostWrap} aText={VirtualBox is not currently allowed to access USB devices.  You can change this by adding your user to the 'vboxusers' group.  Please see the user manual for a more detailed explanation}, preserve=true aResultDetail=0
00:00:12.902497 nspr-2   ERROR [COM]: aRC=VBOX_E_OBJECT_NOT_FOUND (0x80bb0001) aIID={ad47ad09-787b-44ab-b343-a082a3f2dfb1} aComponent={MediumWrap} aText={Property 'CRYPT/KeyId' does not exist}, preserve=false aResultDetail=0
00:00:12.981576 nspr-4   ERROR [COM]: aRC=VBOX_E_NOT_SUPPORTED (0x80bb0009) aIID={300763af-5d6b-46e6-aa96-273eac15538a} aComponent={SessionMachine} aText={This VM is not encrypted}, preserve=false aResultDetail=0
00:00:12.991893 nspr-4   ERROR [COM]: aRC=VBOX_E_NOT_SUPPORTED (0x80bb0009) aIID={300763af-5d6b-46e6-aa96-273eac15538a} aComponent={SessionMachine} aText={This VM is not encrypted}, preserve=false aResultDetail=0
00:00:13.000337 nspr-4   WARNING [COM]: aRC=NS_ERROR_FAILURE (0x80004005) aIID={e54f6256-97a7-4947-8a78-10c013ddf4b8} aComponent={HostWrap} aText={VirtualBox is not currently allowed to access USB devices.  You can change this by adding your user to the 'vboxusers' group.  Please see the user manual for a more detailed explanation}, preserve=true aResultDetail=0
00:00:13.000468 nspr-2   WARNING [COM]: aRC=NS_ERROR_FAILURE (0x80004005) aIID={e54f6256-97a7-4947-8a78-10c013ddf4b8} aComponent={HostWrap} aText={VirtualBox is not currently allowed to access USB devices.  You can change this by adding your user to the 'vboxusers' group.  Please see the user manual for a more detailed explanation}, preserve=true aResultDetail=0
00:00:13.005533 nspr-2   WARNING [COM]: aRC=NS_ERROR_FAILURE (0x80004005) aIID={e54f6256-97a7-4947-8a78-10c013ddf4b8} aComponent={HostWrap} aText={VirtualBox is not currently allowed to access USB devices.  You can change this by adding your user to the 'vboxusers' group.  Please see the user manual for a more detailed explanation}, preserve=true aResultDetail=0
00:00:13.005653 nspr-4   WARNING [COM]: aRC=NS_ERROR_FAILURE (0x80004005) aIID={e54f6256-97a7-4947-8a78-10c013ddf4b8} aComponent={HostWrap} aText={VirtualBox is not currently allowed to access USB devices.  You can change this by adding your user to the 'vboxusers' group.  Please see the user manual for a more detailed explanation}, preserve=true aResultDetail=0
00:00:13.009372 nspr-3   ERROR [COM]: aRC=NS_ERROR_FAILURE (0x80004005) aIID={300763af-5d6b-46e6-aa96-273eac15538a} aComponent={SessionMachine} aText={This machine does not have any snapshots}, preserve=false aResultDetail=0
00:00:13.013318 nspr-3   ERROR [COM]: aRC=NS_ERROR_FAILURE (0x80004005) aIID={300763af-5d6b-46e6-aa96-273eac15538a} aComponent={SessionMachine} aText={This machine does not have any snapshots}, preserve=false aResultDetail=0
00:00:13.072503 nspr-2   ERROR [COM]: aRC=VBOX_E_NOT_SUPPORTED (0x80bb0009) aIID={300763af-5d6b-46e6-aa96-273eac15538a} aComponent={SessionMachine} aText={This VM is not encrypted}, preserve=false aResultDetail=0
00:00:13.088743 nspr-3   WARNING [COM]: aRC=NS_ERROR_FAILURE (0x80004005) aIID={e54f6256-97a7-4947-8a78-10c013ddf4b8} aComponent={HostWrap} aText={VirtualBox is not currently allowed to access USB devices.  You can change this by adding your user to the 'vboxusers' group.  Please see the user manual for a more detailed explanation}, preserve=true aResultDetail=0
00:00:13.088868 nspr-2   WARNING [COM]: aRC=NS_ERROR_FAILURE (0x80004005) aIID={e54f6256-97a7-4947-8a78-10c013ddf4b8} aComponent={HostWrap} aText={VirtualBox is not currently allowed to access USB devices.  You can change this by adding your user to the 'vboxusers' group.  Please see the user manual for a more detailed explanation}, preserve=true aResultDetail=0
00:00:13.096409 nspr-2   ERROR [COM]: aRC=NS_ERROR_FAILURE (0x80004005) aIID={300763af-5d6b-46e6-aa96-273eac15538a} aComponent={SessionMachine} aText={This machine does not have any snapshots}, preserve=false aResultDetail=0
00:00:13.156847 nspr-3   ERROR [COM]: aRC=VBOX_E_NOT_SUPPORTED (0x80bb0009) aIID={300763af-5d6b-46e6-aa96-273eac15538a} aComponent={SessionMachine} aText={This VM is not encrypted}, preserve=false aResultDetail=0
00:00:13.175638 nspr-4   WARNING [COM]: aRC=NS_ERROR_FAILURE (0x80004005) aIID={e54f6256-97a7-4947-8a78-10c013ddf4b8} aComponent={HostWrap} aText={VirtualBox is not currently allowed to access USB devices.  You can change this by adding your user to the 'vboxusers' group.  Please see the user manual for a more detailed explanation}, preserve=true aResultDetail=0
00:00:13.175751 nspr-2   WARNING [COM]: aRC=NS_ERROR_FAILURE (0x80004005) aIID={e54f6256-97a7-4947-8a78-10c013ddf4b8} aComponent={HostWrap} aText={VirtualBox is not currently allowed to access USB devices.  You can change this by adding your user to the 'vboxusers' group.  Please see the user manual for a more detailed explanation}, preserve=true aResultDetail=0
00:00:13.182952 nspr-4   ERROR [COM]: aRC=NS_ERROR_FAILURE (0x80004005) aIID={300763af-5d6b-46e6-aa96-273eac15538a} aComponent={SessionMachine} aText={This machine does not have any snapshots}, preserve=false aResultDetail=0
00:00:13.245636 nspr-4   ERROR [COM]: aRC=VBOX_E_NOT_SUPPORTED (0x80bb0009) aIID={300763af-5d6b-46e6-aa96-273eac15538a} aComponent={SessionMachine} aText={This VM is not encrypted}, preserve=false aResultDetail=0
00:00:13.260226 nspr-2   WARNING [COM]: aRC=NS_ERROR_FAILURE (0x80004005) aIID={e54f6256-97a7-4947-8a78-10c013ddf4b8} aComponent={HostWrap} aText={VirtualBox is not currently allowed to access USB devices.  You can change this by adding your user to the 'vboxusers' group.  Please see the user manual for a more detailed explanation}, preserve=true aResultDetail=0
00:00:13.260341 nspr-4   WARNING [COM]: aRC=NS_ERROR_FAILURE (0x80004005) aIID={e54f6256-97a7-4947-8a78-10c013ddf4b8} aComponent={HostWrap} aText={VirtualBox is not currently allowed to access USB devices.  You can change this by adding your user to the 'vboxusers' group.  Please see the user manual for a more detailed explanation}, preserve=true aResultDetail=0
00:00:13.267510 nspr-4   ERROR [COM]: aRC=NS_ERROR_FAILURE (0x80004005) aIID={300763af-5d6b-46e6-aa96-273eac15538a} aComponent={SessionMachine} aText={This machine does not have any snapshots}, preserve=false aResultDetail=0
00:00:14.089566 nspr-3   ERROR [COM]: aRC=VBOX_E_NOT_SUPPORTED (0x80bb0009) aIID={300763af-5d6b-46e6-aa96-273eac15538a} aComponent={SessionMachine} aText={This VM is not encrypted}, preserve=false aResultDetail=0
00:00:14.105785 nspr-2   WARNING [COM]: aRC=NS_ERROR_FAILURE (0x80004005) aIID={e54f6256-97a7-4947-8a78-10c013ddf4b8} aComponent={HostWrap} aText={VirtualBox is not currently allowed to access USB devices.  You can change this by adding your user to the 'vboxusers' group.  Please see the user manual for a more detailed explanation}, preserve=true aResultDetail=0
00:00:14.105936 nspr-4   WARNING [COM]: aRC=NS_ERROR_FAILURE (0x80004005) aIID={e54f6256-97a7-4947-8a78-10c013ddf4b8} aComponent={HostWrap} aText={VirtualBox is not currently allowed to access USB devices.  You can change this by adding your user to the 'vboxusers' group.  Please see the user manual for a more detailed explanation}, preserve=true aResultDetail=0
00:00:14.113003 nspr-4   ERROR [COM]: aRC=NS_ERROR_FAILURE (0x80004005) aIID={300763af-5d6b-46e6-aa96-273eac15538a} aComponent={SessionMachine} aText={This machine does not have any snapshots}, preserve=false aResultDetail=0
00:00:15.184202 nspr-2   ERROR [COM]: aRC=VBOX_E_NOT_SUPPORTED (0x80bb0009) aIID={300763af-5d6b-46e6-aa96-273eac15538a} aComponent={SessionMachine} aText={This VM is not encrypted}, preserve=false aResultDetail=0
00:00:15.201010 nspr-4   WARNING [COM]: aRC=NS_ERROR_FAILURE (0x80004005) aIID={e54f6256-97a7-4947-8a78-10c013ddf4b8} aComponent={HostWrap} aText={VirtualBox is not currently allowed to access USB devices.  You can change this by adding your user to the 'vboxusers' group.  Please see the user manual for a more detailed explanation}, preserve=true aResultDetail=0
00:00:15.201132 nspr-2   WARNING [COM]: aRC=NS_ERROR_FAILURE (0x80004005) aIID={e54f6256-97a7-4947-8a78-10c013ddf4b8} aComponent={HostWrap} aText={VirtualBox is not currently allowed to access USB devices.  You can change this by adding your user to the 'vboxusers' group.  Please see the user manual for a more detailed explanation}, preserve=true aResultDetail=0
00:00:15.206617 nspr-2   ERROR [COM]: aRC=NS_ERROR_FAILURE (0x80004005) aIID={300763af-5d6b-46e6-aa96-273eac15538a} aComponent={SessionMachine} aText={This machine does not have any snapshots}, preserve=false aResultDetail=0
00:00:16.286199 nspr-3   ERROR [COM]: aRC=VBOX_E_NOT_SUPPORTED (0x80bb0009) aIID={300763af-5d6b-46e6-aa96-273eac15538a} aComponent={SessionMachine} aText={This VM is not encrypted}, preserve=false aResultDetail=0
00:00:16.303339 nspr-2   WARNING [COM]: aRC=NS_ERROR_FAILURE (0x80004005) aIID={e54f6256-97a7-4947-8a78-10c013ddf4b8} aComponent={HostWrap} aText={VirtualBox is not currently allowed to access USB devices.  You can change this by adding your user to the 'vboxusers' group.  Please see the user manual for a more detailed explanation}, preserve=true aResultDetail=0
00:00:16.303487 nspr-3   WARNING [COM]: aRC=NS_ERROR_FAILURE (0x80004005) aIID={e54f6256-97a7-4947-8a78-10c013ddf4b8} aComponent={HostWrap} aText={VirtualBox is not currently allowed to access USB devices.  You can change this by adding your user to the 'vboxusers' group.  Please see the user manual for a more detailed explanation}, preserve=true aResultDetail=0
00:00:16.309079 nspr-3   ERROR [COM]: aRC=NS_ERROR_FAILURE (0x80004005) aIID={300763af-5d6b-46e6-aa96-273eac15538a} aComponent={SessionMachine} aText={This machine does not have any snapshots}, preserve=false aResultDetail=0
00:00:17.391315 nspr-3   ERROR [COM]: aRC=VBOX_E_NOT_SUPPORTED (0x80bb0009) aIID={300763af-5d6b-46e6-aa96-273eac15538a} aComponent={SessionMachine} aText={This VM is not encrypted}, preserve=false aResultDetail=0
00:00:17.406230 nspr-2   WARNING [COM]: aRC=NS_ERROR_FAILURE (0x80004005) aIID={e54f6256-97a7-4947-8a78-10c013ddf4b8} aComponent={HostWrap} aText={VirtualBox is not currently allowed to access USB devices.  You can change this by adding your user to the 'vboxusers' group.  Please see the user manual for a more detailed explanation}, preserve=true aResultDetail=0
00:00:17.406388 nspr-3   WARNING [COM]: aRC=NS_ERROR_FAILURE (0x80004005) aIID={e54f6256-97a7-4947-8a78-10c013ddf4b8} aComponent={HostWrap} aText={VirtualBox is not currently allowed to access USB devices.  You can change this by adding your user to the 'vboxusers' group.  Please see the user manual for a more detailed explanation}, preserve=true aResultDetail=0
00:00:17.413925 nspr-3   ERROR [COM]: aRC=NS_ERROR_FAILURE (0x80004005) aIID={300763af-5d6b-46e6-aa96-273eac15538a} aComponent={SessionMachine} aText={This machine does not have any snapshots}, preserve=false aResultDetail=0
00:00:18.498039 nspr-4   ERROR [COM]: aRC=VBOX_E_NOT_SUPPORTED (0x80bb0009) aIID={300763af-5d6b-46e6-aa96-273eac15538a} aComponent={SessionMachine} aText={This VM is not encrypted}, preserve=false aResultDetail=0
00:00:18.516156 nspr-3   WARNING [COM]: aRC=NS_ERROR_FAILURE (0x80004005) aIID={e54f6256-97a7-4947-8a78-10c013ddf4b8} aComponent={HostWrap} aText={VirtualBox is not currently allowed to access USB devices.  You can change this by adding your user to the 'vboxusers' group.  Please see the user manual for a more detailed explanation}, preserve=true aResultDetail=0
00:00:18.516649 nspr-4   WARNING [COM]: aRC=NS_ERROR_FAILURE (0x80004005) aIID={e54f6256-97a7-4947-8a78-10c013ddf4b8} aComponent={HostWrap} aText={VirtualBox is not currently allowed to access USB devices.  You can change this by adding your user to the 'vboxusers' group.  Please see the user manual for a more detailed explanation}, preserve=true aResultDetail=0
00:00:18.527559 nspr-2   ERROR [COM]: aRC=NS_ERROR_FAILURE (0x80004005) aIID={300763af-5d6b-46e6-aa96-273eac15538a} aComponent={SessionMachine} aText={This machine does not have any snapshots}, preserve=false aResultDetail=0
00:00:19.607215 nspr-2   ERROR [COM]: aRC=VBOX_E_NOT_SUPPORTED (0x80bb0009) aIID={300763af-5d6b-46e6-aa96-273eac15538a} aComponent={SessionMachine} aText={This VM is not encrypted}, preserve=false aResultDetail=0
00:00:19.622573 nspr-3   WARNING [COM]: aRC=NS_ERROR_FAILURE (0x80004005) aIID={e54f6256-97a7-4947-8a78-10c013ddf4b8} aComponent={HostWrap} aText={VirtualBox is not currently allowed to access USB devices.  You can change this by adding your user to the 'vboxusers' group.  Please see the user manual for a more detailed explanation}, preserve=true aResultDetail=0
00:00:19.622697 nspr-4   WARNING [COM]: aRC=NS_ERROR_FAILURE (0x80004005) aIID={e54f6256-97a7-4947-8a78-10c013ddf4b8} aComponent={HostWrap} aText={VirtualBox is not currently allowed to access USB devices.  You can change this by adding your user to the 'vboxusers' group.  Please see the user manual for a more detailed explanation}, preserve=true aResultDetail=0
00:00:19.629330 nspr-4   ERROR [COM]: aRC=NS_ERROR_FAILURE (0x80004005) aIID={300763af-5d6b-46e6-aa96-273eac15538a} aComponent={SessionMachine} aText={This machine does not have any snapshots}, preserve=false aResultDetail=0
00:00:20.706777 nspr-2   ERROR [COM]: aRC=VBOX_E_NOT_SUPPORTED (0x80bb0009) aIID={300763af-5d6b-46e6-aa96-273eac15538a} aComponent={SessionMachine} aText={This VM is not encrypted}, preserve=false aResultDetail=0
00:00:20.722098 nspr-4   WARNING [COM]: aRC=NS_ERROR_FAILURE (0x80004005) aIID={e54f6256-97a7-4947-8a78-10c013ddf4b8} aComponent={HostWrap} aText={VirtualBox is not currently allowed to access USB devices.  You can change this by adding your user to the 'vboxusers' group.  Please see the user manual for a more detailed explanation}, preserve=true aResultDetail=0
00:00:20.722230 nspr-3   WARNING [COM]: aRC=NS_ERROR_FAILURE (0x80004005) aIID={e54f6256-97a7-4947-8a78-10c013ddf4b8} aComponent={HostWrap} aText={VirtualBox is not currently allowed to access USB devices.  You can change this by adding your user to the 'vboxusers' group.  Please see the user manual for a more detailed explanation}, preserve=true aResultDetail=0
00:00:20.728555 nspr-3   ERROR [COM]: aRC=NS_ERROR_FAILURE (0x80004005) aIID={300763af-5d6b-46e6-aa96-273eac15538a} aComponent={SessionMachine} aText={This machine does not have any snapshots}, preserve=false aResultDetail=0
00:00:21.809723 nspr-3   ERROR [COM]: aRC=VBOX_E_NOT_SUPPORTED (0x80bb0009) aIID={300763af-5d6b-46e6-aa96-273eac15538a} aComponent={SessionMachine} aText={This VM is not encrypted}, preserve=false aResultDetail=0
00:00:21.823876 nspr-2   WARNING [COM]: aRC=NS_ERROR_FAILURE (0x80004005) aIID={e54f6256-97a7-4947-8a78-10c013ddf4b8} aComponent={HostWrap} aText={VirtualBox is not currently allowed to access USB devices.  You can change this by adding your user to the 'vboxusers' group.  Please see the user manual for a more detailed explanation}, preserve=true aResultDetail=0
00:00:21.823994 nspr-4   WARNING [COM]: aRC=NS_ERROR_FAILURE (0x80004005) aIID={e54f6256-97a7-4947-8a78-10c013ddf4b8} aComponent={HostWrap} aText={VirtualBox is not currently allowed to access USB devices.  You can change this by adding your user to the 'vboxusers' group.  Please see the user manual for a more detailed explanation}, preserve=true aResultDetail=0
00:00:21.829795 nspr-4   ERROR [COM]: aRC=NS_ERROR_FAILURE (0x80004005) aIID={300763af-5d6b-46e6-aa96-273eac15538a} aComponent={SessionMachine} aText={This machine does not have any snapshots}, preserve=false aResultDetail=0
00:00:22.921203 nspr-2   ERROR [COM]: aRC=VBOX_E_NOT_SUPPORTED (0x80bb0009) aIID={300763af-5d6b-46e6-aa96-273eac15538a} aComponent={SessionMachine} aText={This VM is not encrypted}, preserve=false aResultDetail=0
00:00:22.937183 nspr-4   WARNING [COM]: aRC=NS_ERROR_FAILURE (0x80004005) aIID={e54f6256-97a7-4947-8a78-10c013ddf4b8} aComponent={HostWrap} aText={VirtualBox is not currently allowed to access USB devices.  You can change this by adding your user to the 'vboxusers' group.  Please see the user manual for a more detailed explanation}, preserve=true aResultDetail=0
00:00:22.937327 nspr-3   WARNING [COM]: aRC=NS_ERROR_FAILURE (0x80004005) aIID={e54f6256-97a7-4947-8a78-10c013ddf4b8} aComponent={HostWrap} aText={VirtualBox is not currently allowed to access USB devices.  You can change this by adding your user to the 'vboxusers' group.  Please see the user manual for a more detailed explanation}, preserve=true aResultDetail=0
00:00:22.944289 nspr-3   ERROR [COM]: aRC=NS_ERROR_FAILURE (0x80004005) aIID={300763af-5d6b-46e6-aa96-273eac15538a} aComponent={SessionMachine} aText={This machine does not have any snapshots}, preserve=false aResultDetail=0
00:00:24.044915 nspr-3   ERROR [COM]: aRC=VBOX_E_NOT_SUPPORTED (0x80bb0009) aIID={300763af-5d6b-46e6-aa96-273eac15538a} aComponent={SessionMachine} aText={This VM is not encrypted}, preserve=false aResultDetail=0
00:00:24.061161 nspr-2   WARNING [COM]: aRC=NS_ERROR_FAILURE (0x80004005) aIID={e54f6256-97a7-4947-8a78-10c013ddf4b8} aComponent={HostWrap} aText={VirtualBox is not currently allowed to access USB devices.  You can change this by adding your user to the 'vboxusers' group.  Please see the user manual for a more detailed explanation}, preserve=true aResultDetail=0
00:00:24.061304 nspr-3   WARNING [COM]: aRC=NS_ERROR_FAILURE (0x80004005) aIID={e54f6256-97a7-4947-8a78-10c013ddf4b8} aComponent={HostWrap} aText={VirtualBox is not currently allowed to access USB devices.  You can change this by adding your user to the 'vboxusers' group.  Please see the user manual for a more detailed explanation}, preserve=true aResultDetail=0
00:00:24.070639 nspr-3   ERROR [COM]: aRC=NS_ERROR_FAILURE (0x80004005) aIID={300763af-5d6b-46e6-aa96-273eac15538a} aComponent={SessionMachine} aText={This machine does not have any snapshots}, preserve=false aResultDetail=0
00:00:25.144655 nspr-3   ERROR [COM]: aRC=VBOX_E_NOT_SUPPORTED (0x80bb0009) aIID={300763af-5d6b-46e6-aa96-273eac15538a} aComponent={SessionMachine} aText={This VM is not encrypted}, preserve=false aResultDetail=0
00:00:25.160980 nspr-2   WARNING [COM]: aRC=NS_ERROR_FAILURE (0x80004005) aIID={e54f6256-97a7-4947-8a78-10c013ddf4b8} aComponent={HostWrap} aText={VirtualBox is not currently allowed to access USB devices.  You can change this by adding your user to the 'vboxusers' group.  Please see the user manual for a more detailed explanation}, preserve=true aResultDetail=0
00:00:25.161132 nspr-4   WARNING [COM]: aRC=NS_ERROR_FAILURE (0x80004005) aIID={e54f6256-97a7-4947-8a78-10c013ddf4b8} aComponent={HostWrap} aText={VirtualBox is not currently allowed to access USB devices.  You can change this by adding your user to the 'vboxusers' group.  Please see the user manual for a more detailed explanation}, preserve=true aResultDetail=0
00:00:25.170146 nspr-4   ERROR [COM]: aRC=NS_ERROR_FAILURE (0x80004005) aIID={300763af-5d6b-46e6-aa96-273eac15538a} aComponent={SessionMachine} aText={This machine does not have any snapshots}, preserve=false aResultDetail=0
00:00:26.245144 nspr-3   ERROR [COM]: aRC=VBOX_E_NOT_SUPPORTED (0x80bb0009) aIID={300763af-5d6b-46e6-aa96-273eac15538a} aComponent={SessionMachine} aText={This VM is not encrypted}, preserve=false aResultDetail=0
00:00:26.258850 nspr-2   WARNING [COM]: aRC=NS_ERROR_FAILURE (0x80004005) aIID={e54f6256-97a7-4947-8a78-10c013ddf4b8} aComponent={HostWrap} aText={VirtualBox is not currently allowed to access USB devices.  You can change this by adding your user to the 'vboxusers' group.  Please see the user manual for a more detailed explanation}, preserve=true aResultDetail=0
00:00:26.258977 nspr-3   WARNING [COM]: aRC=NS_ERROR_FAILURE (0x80004005) aIID={e54f6256-97a7-4947-8a78-10c013ddf4b8} aComponent={HostWrap} aText={VirtualBox is not currently allowed to access USB devices.  You can change this by adding your user to the 'vboxusers' group.  Please see the user manual for a more detailed explanation}, preserve=true aResultDetail=0
00:00:26.265614 nspr-3   ERROR [COM]: aRC=NS_ERROR_FAILURE (0x80004005) aIID={300763af-5d6b-46e6-aa96-273eac15538a} aComponent={SessionMachine} aText={This machine does not have any snapshots}, preserve=false aResultDetail=0
00:00:27.344029 nspr-2   ERROR [COM]: aRC=VBOX_E_NOT_SUPPORTED (0x80bb0009) aIID={300763af-5d6b-46e6-aa96-273eac15538a} aComponent={SessionMachine} aText={This VM is not encrypted}, preserve=false aResultDetail=0
00:00:27.361331 nspr-4   WARNING [COM]: aRC=NS_ERROR_FAILURE (0x80004005) aIID={e54f6256-97a7-4947-8a78-10c013ddf4b8} aComponent={HostWrap} aText={VirtualBox is not currently allowed to access USB devices.  You can change this by adding your user to the 'vboxusers' group.  Please see the user manual for a more detailed explanation}, preserve=true aResultDetail=0
00:00:27.361480 nspr-3   WARNING [COM]: aRC=NS_ERROR_FAILURE (0x80004005) aIID={e54f6256-97a7-4947-8a78-10c013ddf4b8} aComponent={HostWrap} aText={VirtualBox is not currently allowed to access USB devices.  You can change this by adding your user to the 'vboxusers' group.  Please see the user manual for a more detailed explanation}, preserve=true aResultDetail=0
00:00:27.370810 nspr-3   ERROR [COM]: aRC=NS_ERROR_FAILURE (0x80004005) aIID={300763af-5d6b-46e6-aa96-273eac15538a} aComponent={SessionMachine} aText={This machine does not have any snapshots}, preserve=false aResultDetail=0
00:00:28.349846 nspr-2   ERROR [COM]: aRC=VBOX_E_NOT_SUPPORTED (0x80bb0009) aIID={300763af-5d6b-46e6-aa96-273eac15538a} aComponent={SessionMachine} aText={This VM is not encrypted}, preserve=false aResultDetail=0
00:00:28.365450 nspr-2   WARNING [COM]: aRC=NS_ERROR_FAILURE (0x80004005) aIID={e54f6256-97a7-4947-8a78-10c013ddf4b8} aComponent={HostWrap} aText={VirtualBox is not currently allowed to access USB devices.  You can change this by adding your user to the 'vboxusers' group.  Please see the user manual for a more detailed explanation}, preserve=true aResultDetail=0
00:00:28.365567 nspr-3   WARNING [COM]: aRC=NS_ERROR_FAILURE (0x80004005) aIID={e54f6256-97a7-4947-8a78-10c013ddf4b8} aComponent={HostWrap} aText={VirtualBox is not currently allowed to access USB devices.  You can change this by adding your user to the 'vboxusers' group.  Please see the user manual for a more detailed explanation}, preserve=true aResultDetail=0
00:00:28.376866 nspr-2   ERROR [COM]: aRC=NS_ERROR_FAILURE (0x80004005) aIID={300763af-5d6b-46e6-aa96-273eac15538a} aComponent={SessionMachine} aText={This machine does not have any snapshots}, preserve=false aResultDetail=0
00:00:28.442429 nspr-2   ERROR [COM]: aRC=VBOX_E_NOT_SUPPORTED (0x80bb0009) aIID={300763af-5d6b-46e6-aa96-273eac15538a} aComponent={SessionMachine} aText={This VM is not encrypted}, preserve=false aResultDetail=0
00:00:28.443057 nspr-4   ERROR [COM]: aRC=VBOX_E_NOT_SUPPORTED (0x80bb0009) aIID={300763af-5d6b-46e6-aa96-273eac15538a} aComponent={SessionMachine} aText={This VM is not encrypted}, preserve=false aResultDetail=0
00:00:28.457784 nspr-4   WARNING [COM]: aRC=NS_ERROR_FAILURE (0x80004005) aIID={e54f6256-97a7-4947-8a78-10c013ddf4b8} aComponent={HostWrap} aText={VirtualBox is not currently allowed to access USB devices.  You can change this by adding your user to the 'vboxusers' group.  Please see the user manual for a more detailed explanation}, preserve=true aResultDetail=0
00:00:28.457856 nspr-3   WARNING [COM]: aRC=NS_ERROR_FAILURE (0x80004005) aIID={e54f6256-97a7-4947-8a78-10c013ddf4b8} aComponent={HostWrap} aText={VirtualBox is not currently allowed to access USB devices.  You can change this by adding your user to the 'vboxusers' group.  Please see the user manual for a more detailed explanation}, preserve=true aResultDetail=0
00:00:28.457938 nspr-2   WARNING [COM]: aRC=NS_ERROR_FAILURE (0x80004005) aIID={e54f6256-97a7-4947-8a78-10c013ddf4b8} aComponent={HostWrap} aText={VirtualBox is not currently allowed to access USB devices.  You can change this by adding your user to the 'vboxusers' group.  Please see the user manual for a more detailed explanation}, preserve=true aResultDetail=0
00:00:28.457997 nspr-4   WARNING [COM]: aRC=NS_ERROR_FAILURE (0x80004005) aIID={e54f6256-97a7-4947-8a78-10c013ddf4b8} aComponent={HostWrap} aText={VirtualBox is not currently allowed to access USB devices.  You can change this by adding your user to the 'vboxusers' group.  Please see the user manual for a more detailed explanation}, preserve=true aResultDetail=0
00:00:28.463521 nspr-2   ERROR [COM]: aRC=NS_ERROR_FAILURE (0x80004005) aIID={300763af-5d6b-46e6-aa96-273eac15538a} aComponent={SessionMachine} aText={This machine does not have any snapshots}, preserve=false aResultDetail=0
00:00:28.463566 nspr-4   ERROR [COM]: aRC=NS_ERROR_FAILURE (0x80004005) aIID={300763af-5d6b-46e6-aa96-273eac15538a} aComponent={SessionMachine} aText={This machine does not have any snapshots}, preserve=false aResultDetail=0
00:00:29.536805 nspr-3   ERROR [COM]: aRC=VBOX_E_NOT_SUPPORTED (0x80bb0009) aIID={300763af-5d6b-46e6-aa96-273eac15538a} aComponent={SessionMachine} aText={This VM is not encrypted}, preserve=false aResultDetail=0
00:00:29.553564 nspr-2   WARNING [COM]: aRC=NS_ERROR_FAILURE (0x80004005) aIID={e54f6256-97a7-4947-8a78-10c013ddf4b8} aComponent={HostWrap} aText={VirtualBox is not currently allowed to access USB devices.  You can change this by adding your user to the 'vboxusers' group.  Please see the user manual for a more detailed explanation}, preserve=true aResultDetail=0
00:00:29.553691 nspr-4   WARNING [COM]: aRC=NS_ERROR_FAILURE (0x80004005) aIID={e54f6256-97a7-4947-8a78-10c013ddf4b8} aComponent={HostWrap} aText={VirtualBox is not currently allowed to access USB devices.  You can change this by adding your user to the 'vboxusers' group.  Please see the user manual for a more detailed explanation}, preserve=true aResultDetail=0
00:00:29.562328 nspr-2   ERROR [COM]: aRC=NS_ERROR_FAILURE (0x80004005) aIID={300763af-5d6b-46e6-aa96-273eac15538a} aComponent={SessionMachine} aText={This machine does not have any snapshots}, preserve=false aResultDetail=0
00:00:30.637641 nspr-2   ERROR [COM]: aRC=VBOX_E_NOT_SUPPORTED (0x80bb0009) aIID={300763af-5d6b-46e6-aa96-273eac15538a} aComponent={SessionMachine} aText={This VM is not encrypted}, preserve=false aResultDetail=0
00:00:30.653039 nspr-2   WARNING [COM]: aRC=NS_ERROR_FAILURE (0x80004005) aIID={e54f6256-97a7-4947-8a78-10c013ddf4b8} aComponent={HostWrap} aText={VirtualBox is not currently allowed to access USB devices.  You can change this by adding your user to the 'vboxusers' group.  Please see the user manual for a more detailed explanation}, preserve=true aResultDetail=0
00:00:30.653163 nspr-4   WARNING [COM]: aRC=NS_ERROR_FAILURE (0x80004005) aIID={e54f6256-97a7-4947-8a78-10c013ddf4b8} aComponent={HostWrap} aText={VirtualBox is not currently allowed to access USB devices.  You can change this by adding your user to the 'vboxusers' group.  Please see the user manual for a more detailed explanation}, preserve=true aResultDetail=0
00:00:30.661396 nspr-4   ERROR [COM]: aRC=NS_ERROR_FAILURE (0x80004005) aIID={300763af-5d6b-46e6-aa96-273eac15538a} aComponent={SessionMachine} aText={This machine does not have any snapshots}, preserve=false aResultDetail=0
00:00:31.061596 nspr-4   ERROR [COM]: aRC=VBOX_E_NOT_SUPPORTED (0x80bb0009) aIID={300763af-5d6b-46e6-aa96-273eac15538a} aComponent={SessionMachine} aText={This VM is not encrypted}, preserve=false aResultDetail=0
00:00:31.076260 nspr-4   WARNING [COM]: aRC=NS_ERROR_FAILURE (0x80004005) aIID={e54f6256-97a7-4947-8a78-10c013ddf4b8} aComponent={HostWrap} aText={VirtualBox is not currently allowed to access USB devices.  You can change this by adding your user to the 'vboxusers' group.  Please see the user manual for a more detailed explanation}, preserve=true aResultDetail=0
00:00:31.076445 nspr-3   WARNING [COM]: aRC=NS_ERROR_FAILURE (0x80004005) aIID={e54f6256-97a7-4947-8a78-10c013ddf4b8} aComponent={HostWrap} aText={VirtualBox is not currently allowed to access USB devices.  You can change this by adding your user to the 'vboxusers' group.  Please see the user manual for a more detailed explanation}, preserve=true aResultDetail=0
00:00:31.083664 nspr-3   ERROR [COM]: aRC=NS_ERROR_FAILURE (0x80004005) aIID={300763af-5d6b-46e6-aa96-273eac15538a} aComponent={SessionMachine} aText={This machine does not have any snapshots}, preserve=false aResultDetail=0
00:00:31.149314 nspr-3   ERROR [COM]: aRC=VBOX_E_NOT_SUPPORTED (0x80bb0009) aIID={300763af-5d6b-46e6-aa96-273eac15538a} aComponent={SessionMachine} aText={This VM is not encrypted}, preserve=false aResultDetail=0
00:00:31.164879 nspr-4   WARNING [COM]: aRC=NS_ERROR_FAILURE (0x80004005) aIID={e54f6256-97a7-4947-8a78-10c013ddf4b8} aComponent={HostWrap} aText={VirtualBox is not currently allowed to access USB devices.  You can change this by adding your user to the 'vboxusers' group.  Please see the user manual for a more detailed explanation}, preserve=true aResultDetail=0
00:00:31.164981 nspr-2   WARNING [COM]: aRC=NS_ERROR_FAILURE (0x80004005) aIID={e54f6256-97a7-4947-8a78-10c013ddf4b8} aComponent={HostWrap} aText={VirtualBox is not currently allowed to access USB devices.  You can change this by adding your user to the 'vboxusers' group.  Please see the user manual for a more detailed explanation}, preserve=true aResultDetail=0
00:00:31.170316 nspr-2   ERROR [COM]: aRC=NS_ERROR_FAILURE (0x80004005) aIID={300763af-5d6b-46e6-aa96-273eac15538a} aComponent={SessionMachine} aText={This machine does not have any snapshots}, preserve=false aResultDetail=0
00:00:31.737680 nspr-3   ERROR [COM]: aRC=VBOX_E_NOT_SUPPORTED (0x80bb0009) aIID={300763af-5d6b-46e6-aa96-273eac15538a} aComponent={SessionMachine} aText={This VM is not encrypted}, preserve=false aResultDetail=0
00:00:31.755473 nspr-3   WARNING [COM]: aRC=NS_ERROR_FAILURE (0x80004005) aIID={e54f6256-97a7-4947-8a78-10c013ddf4b8} aComponent={HostWrap} aText={VirtualBox is not currently allowed to access USB devices.  You can change this by adding your user to the 'vboxusers' group.  Please see the user manual for a more detailed explanation}, preserve=true aResultDetail=0
00:00:31.755613 nspr-4   WARNING [COM]: aRC=NS_ERROR_FAILURE (0x80004005) aIID={e54f6256-97a7-4947-8a78-10c013ddf4b8} aComponent={HostWrap} aText={VirtualBox is not currently allowed to access USB devices.  You can change this by adding your user to the 'vboxusers' group.  Please see the user manual for a more detailed explanation}, preserve=true aResultDetail=0
00:00:31.767371 nspr-2   ERROR [COM]: aRC=NS_ERROR_FAILURE (0x80004005) aIID={300763af-5d6b-46e6-aa96-273eac15538a} aComponent={SessionMachine} aText={This machine does not have any snapshots}, preserve=false aResultDetail=0
00:00:32.855896 nspr-3   ERROR [COM]: aRC=VBOX_E_NOT_SUPPORTED (0x80bb0009) aIID={300763af-5d6b-46e6-aa96-273eac15538a} aComponent={SessionMachine} aText={This VM is not encrypted}, preserve=false aResultDetail=0
00:00:32.873455 nspr-2   WARNING [COM]: aRC=NS_ERROR_FAILURE (0x80004005) aIID={e54f6256-97a7-4947-8a78-10c013ddf4b8} aComponent={HostWrap} aText={VirtualBox is not currently allowed to access USB devices.  You can change this by adding your user to the 'vboxusers' group.  Please see the user manual for a more detailed explanation}, preserve=true aResultDetail=0
00:00:32.873580 nspr-4   WARNING [COM]: aRC=NS_ERROR_FAILURE (0x80004005) aIID={e54f6256-97a7-4947-8a78-10c013ddf4b8} aComponent={HostWrap} aText={VirtualBox is not currently allowed to access USB devices.  You can change this by adding your user to the 'vboxusers' group.  Please see the user manual for a more detailed explanation}, preserve=true aResultDetail=0
00:00:32.883169 nspr-4   ERROR [COM]: aRC=NS_ERROR_FAILURE (0x80004005) aIID={300763af-5d6b-46e6-aa96-273eac15538a} aComponent={SessionMachine} aText={This machine does not have any snapshots}, preserve=false aResultDetail=0
00:00:33.959021 nspr-4   ERROR [COM]: aRC=VBOX_E_NOT_SUPPORTED (0x80bb0009) aIID={300763af-5d6b-46e6-aa96-273eac15538a} aComponent={SessionMachine} aText={This VM is not encrypted}, preserve=false aResultDetail=0
00:00:33.974735 nspr-3   WARNING [COM]: aRC=NS_ERROR_FAILURE (0x80004005) aIID={e54f6256-97a7-4947-8a78-10c013ddf4b8} aComponent={HostWrap} aText={VirtualBox is not currently allowed to access USB devices.  You can change this by adding your user to the 'vboxusers' group.  Please see the user manual for a more detailed explanation}, preserve=true aResultDetail=0
00:00:33.975082 nspr-2   WARNING [COM]: aRC=NS_ERROR_FAILURE (0x80004005) aIID={e54f6256-97a7-4947-8a78-10c013ddf4b8} aComponent={HostWrap} aText={VirtualBox is not currently allowed to access USB devices.  You can change this by adding your user to the 'vboxusers' group.  Please see the user manual for a more detailed explanation}, preserve=true aResultDetail=0
00:00:33.983830 nspr-4   ERROR [COM]: aRC=NS_ERROR_FAILURE (0x80004005) aIID={300763af-5d6b-46e6-aa96-273eac15538a} aComponent={SessionMachine} aText={This machine does not have any snapshots}, preserve=false aResultDetail=0
00:00:34.353919 nspr-4   ERROR [COM]: aRC=VBOX_E_NOT_SUPPORTED (0x80bb0009) aIID={300763af-5d6b-46e6-aa96-273eac15538a} aComponent={SessionMachine} aText={This VM is not encrypted}, preserve=false aResultDetail=0
00:00:34.371181 nspr-3   WARNING [COM]: aRC=NS_ERROR_FAILURE (0x80004005) aIID={e54f6256-97a7-4947-8a78-10c013ddf4b8} aComponent={HostWrap} aText={VirtualBox is not currently allowed to access USB devices.  You can change this by adding your user to the 'vboxusers' group.  Please see the user manual for a more detailed explanation}, preserve=true aResultDetail=0
00:00:34.371295 nspr-2   WARNING [COM]: aRC=NS_ERROR_FAILURE (0x80004005) aIID={e54f6256-97a7-4947-8a78-10c013ddf4b8} aComponent={HostWrap} aText={VirtualBox is not currently allowed to access USB devices.  You can change this by adding your user to the 'vboxusers' group.  Please see the user manual for a more detailed explanation}, preserve=true aResultDetail=0
00:00:34.381423 nspr-4   ERROR [COM]: aRC=NS_ERROR_FAILURE (0x80004005) aIID={300763af-5d6b-46e6-aa96-273eac15538a} aComponent={SessionMachine} aText={This machine does not have any snapshots}, preserve=false aResultDetail=0
00:00:34.450410 nspr-2   ERROR [COM]: aRC=VBOX_E_NOT_SUPPORTED (0x80bb0009) aIID={300763af-5d6b-46e6-aa96-273eac15538a} aComponent={SessionMachine} aText={This VM is not encrypted}, preserve=false aResultDetail=0
00:00:34.464531 nspr-3   WARNING [COM]: aRC=NS_ERROR_FAILURE (0x80004005) aIID={e54f6256-97a7-4947-8a78-10c013ddf4b8} aComponent={HostWrap} aText={VirtualBox is not currently allowed to access USB devices.  You can change this by adding your user to the 'vboxusers' group.  Please see the user manual for a more detailed explanation}, preserve=true aResultDetail=0
00:00:34.464662 nspr-2   WARNING [COM]: aRC=NS_ERROR_FAILURE (0x80004005) aIID={e54f6256-97a7-4947-8a78-10c013ddf4b8} aComponent={HostWrap} aText={VirtualBox is not currently allowed to access USB devices.  You can change this by adding your user to the 'vboxusers' group.  Please see the user manual for a more detailed explanation}, preserve=true aResultDetail=0
00:00:34.471506 nspr-2   ERROR [COM]: aRC=NS_ERROR_FAILURE (0x80004005) aIID={300763af-5d6b-46e6-aa96-273eac15538a} aComponent={SessionMachine} aText={This machine does not have any snapshots}, preserve=false aResultDetail=0
00:00:39.709934 nspr-3   ERROR [COM]: aRC=VBOX_E_NOT_SUPPORTED (0x80bb0009) aIID={300763af-5d6b-46e6-aa96-273eac15538a} aComponent={SessionMachine} aText={This VM is not encrypted}, preserve=false aResultDetail=0
00:00:39.727972 nspr-4   WARNING [COM]: aRC=NS_ERROR_FAILURE (0x80004005) aIID={e54f6256-97a7-4947-8a78-10c013ddf4b8} aComponent={HostWrap} aText={VirtualBox is not currently allowed to access USB devices.  You can change this by adding your user to the 'vboxusers' group.  Please see the user manual for a more detailed explanation}, preserve=true aResultDetail=0
00:00:39.728101 nspr-2   WARNING [COM]: aRC=NS_ERROR_FAILURE (0x80004005) aIID={e54f6256-97a7-4947-8a78-10c013ddf4b8} aComponent={HostWrap} aText={VirtualBox is not currently allowed to access USB devices.  You can change this by adding your user to the 'vboxusers' group.  Please see the user manual for a more detailed explanation}, preserve=true aResultDetail=0
00:00:39.734555 nspr-2   ERROR [COM]: aRC=NS_ERROR_FAILURE (0x80004005) aIID={300763af-5d6b-46e6-aa96-273eac15538a} aComponent={SessionMachine} aText={This machine does not have any snapshots}, preserve=false aResultDetail=0
00:00:39.879986 nspr-3   ERROR [COM]: aRC=VBOX_E_NOT_SUPPORTED (0x80bb0009) aIID={300763af-5d6b-46e6-aa96-273eac15538a} aComponent={SessionMachine} aText={This VM is not encrypted}, preserve=false aResultDetail=0
00:00:39.897998 nspr-2   WARNING [COM]: aRC=NS_ERROR_FAILURE (0x80004005) aIID={e54f6256-97a7-4947-8a78-10c013ddf4b8} aComponent={HostWrap} aText={VirtualBox is not currently allowed to access USB devices.  You can change this by adding your user to the 'vboxusers' group.  Please see the user manual for a more detailed explanation}, preserve=true aResultDetail=0
00:00:39.898148 nspr-2   WARNING [COM]: aRC=NS_ERROR_FAILURE (0x80004005) aIID={e54f6256-97a7-4947-8a78-10c013ddf4b8} aComponent={HostWrap} aText={VirtualBox is not currently allowed to access USB devices.  You can change this by adding your user to the 'vboxusers' group.  Please see the user manual for a more detailed explanation}, preserve=true aResultDetail=0
00:00:39.905042 nspr-4   ERROR [COM]: aRC=NS_ERROR_FAILURE (0x80004005) aIID={300763af-5d6b-46e6-aa96-273eac15538a} aComponent={SessionMachine} aText={This machine does not have any snapshots}, preserve=false aResultDetail=0
00:00:39.975584 nspr-3   ERROR [COM]: aRC=VBOX_E_NOT_SUPPORTED (0x80bb0009) aIID={300763af-5d6b-46e6-aa96-273eac15538a} aComponent={SessionMachine} aText={This VM is not encrypted}, preserve=false aResultDetail=0
00:00:39.992042 nspr-3   WARNING [COM]: aRC=NS_ERROR_FAILURE (0x80004005) aIID={e54f6256-97a7-4947-8a78-10c013ddf4b8} aComponent={HostWrap} aText={VirtualBox is not currently allowed to access USB devices.  You can change this by adding your user to the 'vboxusers' group.  Please see the user manual for a more detailed explanation}, preserve=true aResultDetail=0
00:00:39.992185 nspr-4   WARNING [COM]: aRC=NS_ERROR_FAILURE (0x80004005) aIID={e54f6256-97a7-4947-8a78-10c013ddf4b8} aComponent={HostWrap} aText={VirtualBox is not currently allowed to access USB devices.  You can change this by adding your user to the 'vboxusers' group.  Please see the user manual for a more detailed explanation}, preserve=true aResultDetail=0
00:00:39.999441 nspr-4   ERROR [COM]: aRC=NS_ERROR_FAILURE (0x80004005) aIID={300763af-5d6b-46e6-aa96-273eac15538a} aComponent={SessionMachine} aText={This machine does not have any snapshots}, preserve=false aResultDetail=0
00:00:41.005675 nspr-3   ERROR [COM]: aRC=VBOX_E_NOT_SUPPORTED (0x80bb0009) aIID={300763af-5d6b-46e6-aa96-273eac15538a} aComponent={SessionMachine} aText={This VM is not encrypted}, preserve=false aResultDetail=0
00:00:41.020967 nspr-4   WARNING [COM]: aRC=NS_ERROR_FAILURE (0x80004005) aIID={e54f6256-97a7-4947-8a78-10c013ddf4b8} aComponent={HostWrap} aText={VirtualBox is not currently allowed to access USB devices.  You can change this by adding your user to the 'vboxusers' group.  Please see the user manual for a more detailed explanation}, preserve=true aResultDetail=0
00:00:41.021093 nspr-2   WARNING [COM]: aRC=NS_ERROR_FAILURE (0x80004005) aIID={e54f6256-97a7-4947-8a78-10c013ddf4b8} aComponent={HostWrap} aText={VirtualBox is not currently allowed to access USB devices.  You can change this by adding your user to the 'vboxusers' group.  Please see the user manual for a more detailed explanation}, preserve=true aResultDetail=0
00:00:41.027465 nspr-2   ERROR [COM]: aRC=NS_ERROR_FAILURE (0x80004005) aIID={300763af-5d6b-46e6-aa96-273eac15538a} aComponent={SessionMachine} aText={This machine does not have any snapshots}, preserve=false aResultDetail=0
00:00:41.097921 nspr-2   ERROR [COM]: aRC=VBOX_E_NOT_SUPPORTED (0x80bb0009) aIID={300763af-5d6b-46e6-aa96-273eac15538a} aComponent={SessionMachine} aText={This VM is not encrypted}, preserve=false aResultDetail=0
00:00:41.113172 nspr-3   WARNING [COM]: aRC=NS_ERROR_FAILURE (0x80004005) aIID={e54f6256-97a7-4947-8a78-10c013ddf4b8} aComponent={HostWrap} aText={VirtualBox is not currently allowed to access USB devices.  You can change this by adding your user to the 'vboxusers' group.  Please see the user manual for a more detailed explanation}, preserve=true aResultDetail=0
00:00:41.113336 nspr-4   WARNING [COM]: aRC=NS_ERROR_FAILURE (0x80004005) aIID={e54f6256-97a7-4947-8a78-10c013ddf4b8} aComponent={HostWrap} aText={VirtualBox is not currently allowed to access USB devices.  You can change this by adding your user to the 'vboxusers' group.  Please see the user manual for a more detailed explanation}, preserve=true aResultDetail=0
00:00:41.124502 nspr-4   ERROR [COM]: aRC=NS_ERROR_FAILURE (0x80004005) aIID={300763af-5d6b-46e6-aa96-273eac15538a} aComponent={SessionMachine} aText={This machine does not have any snapshots}, preserve=false aResultDetail=0
00:00:42.375052 nspr-3   ERROR [COM]: aRC=VBOX_E_NOT_SUPPORTED (0x80bb0009) aIID={300763af-5d6b-46e6-aa96-273eac15538a} aComponent={SessionMachine} aText={This VM is not encrypted}, preserve=false aResultDetail=0
00:00:42.392492 nspr-4   WARNING [COM]: aRC=NS_ERROR_FAILURE (0x80004005) aIID={e54f6256-97a7-4947-8a78-10c013ddf4b8} aComponent={HostWrap} aText={VirtualBox is not currently allowed to access USB devices.  You can change this by adding your user to the 'vboxusers' group.  Please see the user manual for a more detailed explanation}, preserve=true aResultDetail=0
00:00:42.392624 nspr-3   WARNING [COM]: aRC=NS_ERROR_FAILURE (0x80004005) aIID={e54f6256-97a7-4947-8a78-10c013ddf4b8} aComponent={HostWrap} aText={VirtualBox is not currently allowed to access USB devices.  You can change this by adding your user to the 'vboxusers' group.  Please see the user manual for a more detailed explanation}, preserve=true aResultDetail=0
00:00:42.401437 nspr-3   ERROR [COM]: aRC=NS_ERROR_FAILURE (0x80004005) aIID={300763af-5d6b-46e6-aa96-273eac15538a} aComponent={SessionMachine} aText={This machine does not have any snapshots}, preserve=false aResultDetail=0
00:00:42.473876 nspr-2   ERROR [COM]: aRC=VBOX_E_NOT_SUPPORTED (0x80bb0009) aIID={300763af-5d6b-46e6-aa96-273eac15538a} aComponent={SessionMachine} aText={This VM is not encrypted}, preserve=false aResultDetail=0
00:00:42.490905 nspr-3   WARNING [COM]: aRC=NS_ERROR_FAILURE (0x80004005) aIID={e54f6256-97a7-4947-8a78-10c013ddf4b8} aComponent={HostWrap} aText={VirtualBox is not currently allowed to access USB devices.  You can change this by adding your user to the 'vboxusers' group.  Please see the user manual for a more detailed explanation}, preserve=true aResultDetail=0
00:00:42.491044 nspr-2   WARNING [COM]: aRC=NS_ERROR_FAILURE (0x80004005) aIID={e54f6256-97a7-4947-8a78-10c013ddf4b8} aComponent={HostWrap} aText={VirtualBox is not currently allowed to access USB devices.  You can change this by adding your user to the 'vboxusers' group.  Please see the user manual for a more detailed explanation}, preserve=true aResultDetail=0
00:00:42.497654 nspr-2   ERROR [COM]: aRC=NS_ERROR_FAILURE (0x80004005) aIID={300763af-5d6b-46e6-aa96-273eac15538a} aComponent={SessionMachine} aText={This machine does not have any snapshots}, preserve=false aResultDetail=0
00:00:43.330597 nspr-3   ERROR [COM]: aRC=VBOX_E_NOT_SUPPORTED (0x80bb0009) aIID={300763af-5d6b-46e6-aa96-273eac15538a} aComponent={SessionMachine} aText={This VM is not encrypted}, preserve=false aResultDetail=0
00:00:43.344732 nspr-3   WARNING [COM]: aRC=NS_ERROR_FAILURE (0x80004005) aIID={e54f6256-97a7-4947-8a78-10c013ddf4b8} aComponent={HostWrap} aText={VirtualBox is not currently allowed to access USB devices.  You can change this by adding your user to the 'vboxusers' group.  Please see the user manual for a more detailed explanation}, preserve=true aResultDetail=0
00:00:43.344857 nspr-2   WARNING [COM]: aRC=NS_ERROR_FAILURE (0x80004005) aIID={e54f6256-97a7-4947-8a78-10c013ddf4b8} aComponent={HostWrap} aText={VirtualBox is not currently allowed to access USB devices.  You can change this by adding your user to the 'vboxusers' group.  Please see the user manual for a more detailed explanation}, preserve=true aResultDetail=0
00:00:43.351002 nspr-2   ERROR [COM]: aRC=NS_ERROR_FAILURE (0x80004005) aIID={300763af-5d6b-46e6-aa96-273eac15538a} aComponent={SessionMachine} aText={This machine does not have any snapshots}, preserve=false aResultDetail=0
00:00:43.429262 nspr-4   ERROR [COM]: aRC=VBOX_E_NOT_SUPPORTED (0x80bb0009) aIID={300763af-5d6b-46e6-aa96-273eac15538a} aComponent={SessionMachine} aText={This VM is not encrypted}, preserve=false aResultDetail=0
00:00:43.446891 nspr-3   WARNING [COM]: aRC=NS_ERROR_FAILURE (0x80004005) aIID={e54f6256-97a7-4947-8a78-10c013ddf4b8} aComponent={HostWrap} aText={VirtualBox is not currently allowed to access USB devices.  You can change this by adding your user to the 'vboxusers' group.  Please see the user manual for a more detailed explanation}, preserve=true aResultDetail=0
00:00:43.447042 nspr-2   WARNING [COM]: aRC=NS_ERROR_FAILURE (0x80004005) aIID={e54f6256-97a7-4947-8a78-10c013ddf4b8} aComponent={HostWrap} aText={VirtualBox is not currently allowed to access USB devices.  You can change this by adding your user to the 'vboxusers' group.  Please see the user manual for a more detailed explanation}, preserve=true aResultDetail=0
00:00:43.457445 nspr-2   ERROR [COM]: aRC=NS_ERROR_FAILURE (0x80004005) aIID={300763af-5d6b-46e6-aa96-273eac15538a} aComponent={SessionMachine} aText={This machine does not have any snapshots}, preserve=false aResultDetail=0
00:03:46.581257 nspr-2   ERROR [COM]: aRC=VBOX_E_NOT_SUPPORTED (0x80bb0009) aIID={300763af-5d6b-46e6-aa96-273eac15538a} aComponent={SessionMachine} aText={This VM is not encrypted}, preserve=false aResultDetail=0
00:03:46.595011 nspr-2   WARNING [COM]: aRC=NS_ERROR_FAILURE (0x80004005) aIID={e54f6256-97a7-4947-8a78-10c013ddf4b8} aComponent={HostWrap} aText={VirtualBox is not currently allowed to access USB devices.  You can change this by adding your user to the 'vboxusers' group.  Please see the user manual for a more detailed explanation}, preserve=true aResultDetail=0
00:03:46.595142 nspr-4   WARNING [COM]: aRC=NS_ERROR_FAILURE (0x80004005) aIID={e54f6256-97a7-4947-8a78-10c013ddf4b8} aComponent={HostWrap} aText={VirtualBox is not currently allowed to access USB devices.  You can change this by adding your user to the 'vboxusers' group.  Please see the user manual for a more detailed explanation}, preserve=true aResultDetail=0
00:03:46.603227 nspr-2   ERROR [COM]: aRC=NS_ERROR_FAILURE (0x80004005) aIID={300763af-5d6b-46e6-aa96-273eac15538a} aComponent={SessionMachine} aText={This machine does not have any snapshots}, preserve=false aResultDetail=0
00:03:46.673205 nspr-4   ERROR [COM]: aRC=VBOX_E_NOT_SUPPORTED (0x80bb0009) aIID={300763af-5d6b-46e6-aa96-273eac15538a} aComponent={SessionMachine} aText={This VM is not encrypted}, preserve=false aResultDetail=0
00:03:46.692593 nspr-3   WARNING [COM]: aRC=NS_ERROR_FAILURE (0x80004005) aIID={e54f6256-97a7-4947-8a78-10c013ddf4b8} aComponent={HostWrap} aText={VirtualBox is not currently allowed to access USB devices.  You can change this by adding your user to the 'vboxusers' group.  Please see the user manual for a more detailed explanation}, preserve=true aResultDetail=0
00:03:46.692945 nspr-4   WARNING [COM]: aRC=NS_ERROR_FAILURE (0x80004005) aIID={e54f6256-97a7-4947-8a78-10c013ddf4b8} aComponent={HostWrap} aText={VirtualBox is not currently allowed to access USB devices.  You can change this by adding your user to the 'vboxusers' group.  Please see the user manual for a more detailed explanation}, preserve=true aResultDetail=0
00:03:46.699450 nspr-4   ERROR [COM]: aRC=NS_ERROR_FAILURE (0x80004005) aIID={300763af-5d6b-46e6-aa96-273eac15538a} aComponent={SessionMachine} aText={This machine does not have any snapshots}, preserve=false aResultDetail=0
00:03:46.782930 nspr-3   ERROR [COM]: aRC=VBOX_E_NOT_SUPPORTED (0x80bb0009) aIID={300763af-5d6b-46e6-aa96-273eac15538a} aComponent={SessionMachine} aText={This VM is not encrypted}, preserve=false aResultDetail=0
00:03:46.800027 nspr-2   WARNING [COM]: aRC=NS_ERROR_FAILURE (0x80004005) aIID={e54f6256-97a7-4947-8a78-10c013ddf4b8} aComponent={HostWrap} aText={VirtualBox is not currently allowed to access USB devices.  You can change this by adding your user to the 'vboxusers' group.  Please see the user manual for a more detailed explanation}, preserve=true aResultDetail=0
00:03:46.800289 nspr-4   WARNING [COM]: aRC=NS_ERROR_FAILURE (0x80004005) aIID={e54f6256-97a7-4947-8a78-10c013ddf4b8} aComponent={HostWrap} aText={VirtualBox is not currently allowed to access USB devices.  You can change this by adding your user to the 'vboxusers' group.  Please see the user manual for a more detailed explanation}, preserve=true aResultDetail=0
00:03:46.809763 nspr-4   ERROR [COM]: aRC=NS_ERROR_FAILURE (0x80004005) aIID={300763af-5d6b-46e6-aa96-273eac15538a} aComponent={SessionMachine} aText={This machine does not have any snapshots}, preserve=false aResultDetail=0
00:03:46.887482 nspr-2   ERROR [COM]: aRC=VBOX_E_NOT_SUPPORTED (0x80bb0009) aIID={300763af-5d6b-46e6-aa96-273eac15538a} aComponent={SessionMachine} aText={This VM is not encrypted}, preserve=false aResultDetail=0
00:03:46.902691 nspr-3   WARNING [COM]: aRC=NS_ERROR_FAILURE (0x80004005) aIID={e54f6256-97a7-4947-8a78-10c013ddf4b8} aComponent={HostWrap} aText={VirtualBox is not currently allowed to access USB devices.  You can change this by adding your user to the 'vboxusers' group.  Please see the user manual for a more detailed explanation}, preserve=true aResultDetail=0
00:03:46.902825 nspr-4   WARNING [COM]: aRC=NS_ERROR_FAILURE (0x80004005) aIID={e54f6256-97a7-4947-8a78-10c013ddf4b8} aComponent={HostWrap} aText={VirtualBox is not currently allowed to access USB devices.  You can change this by adding your user to the 'vboxusers' group.  Please see the user manual for a more detailed explanation}, preserve=true aResultDetail=0
00:03:46.911172 nspr-4   ERROR [COM]: aRC=NS_ERROR_FAILURE (0x80004005) aIID={300763af-5d6b-46e6-aa96-273eac15538a} aComponent={SessionMachine} aText={This machine does not have any snapshots}, preserve=false aResultDetail=0
00:03:47.028849 nspr-3   NetIfAdpCtlOut: VBoxNetAdpCtl: Error while retrieving link speed for wlp0s20f3: VBoxNetAdpCtl: ioctl failed: Operation not supported
00:03:47.103271 nspr-3   ERROR [COM]: aRC=VBOX_E_NOT_SUPPORTED (0x80bb0009) aIID={300763af-5d6b-46e6-aa96-273eac15538a} aComponent={SessionMachine} aText={This VM is not encrypted}, preserve=false aResultDetail=0
00:03:47.117441 nspr-2   WARNING [COM]: aRC=NS_ERROR_FAILURE (0x80004005) aIID={e54f6256-97a7-4947-8a78-10c013ddf4b8} aComponent={HostWrap} aText={VirtualBox is not currently allowed to access USB devices.  You can change this by adding your user to the 'vboxusers' group.  Please see the user manual for a more detailed explanation}, preserve=true aResultDetail=0
00:03:47.117563 nspr-4   WARNING [COM]: aRC=NS_ERROR_FAILURE (0x80004005) aIID={e54f6256-97a7-4947-8a78-10c013ddf4b8} aComponent={HostWrap} aText={VirtualBox is not currently allowed to access USB devices.  You can change this by adding your user to the 'vboxusers' group.  Please see the user manual for a more detailed explanation}, preserve=true aResultDetail=0
00:03:47.125201 nspr-4   ERROR [COM]: aRC=NS_ERROR_FAILURE (0x80004005) aIID={300763af-5d6b-46e6-aa96-273eac15538a} aComponent={SessionMachine} aText={This machine does not have any snapshots}, preserve=false aResultDetail=0
00:03:47.221371 nspr-4   ERROR [COM]: aRC=VBOX_E_NOT_SUPPORTED (0x80bb0009) aIID={300763af-5d6b-46e6-aa96-273eac15538a} aComponent={SessionMachine} aText={This VM is not encrypted}, preserve=false aResultDetail=0
00:03:47.236891 nspr-3   WARNING [COM]: aRC=NS_ERROR_FAILURE (0x80004005) aIID={e54f6256-97a7-4947-8a78-10c013ddf4b8} aComponent={HostWrap} aText={VirtualBox is not currently allowed to access USB devices.  You can change this by adding your user to the 'vboxusers' group.  Please see the user manual for a more detailed explanation}, preserve=true aResultDetail=0
00:03:47.237028 nspr-2   WARNING [COM]: aRC=NS_ERROR_FAILURE (0x80004005) aIID={e54f6256-97a7-4947-8a78-10c013ddf4b8} aComponent={HostWrap} aText={VirtualBox is not currently allowed to access USB devices.  You can change this by adding your user to the 'vboxusers' group.  Please see the user manual for a more detailed explanation}, preserve=true aResultDetail=0
00:03:47.245726 nspr-3   ERROR [COM]: aRC=NS_ERROR_FAILURE (0x80004005) aIID={300763af-5d6b-46e6-aa96-273eac15538a} aComponent={SessionMachine} aText={This machine does not have any snapshots}, preserve=false aResultDetail=0
00:03:47.317723 nspr-3   ERROR [COM]: aRC=VBOX_E_NOT_SUPPORTED (0x80bb0009) aIID={300763af-5d6b-46e6-aa96-273eac15538a} aComponent={SessionMachine} aText={This VM is not encrypted}, preserve=false aResultDetail=0
00:03:47.333854 nspr-4   WARNING [COM]: aRC=NS_ERROR_FAILURE (0x80004005) aIID={e54f6256-97a7-4947-8a78-10c013ddf4b8} aComponent={HostWrap} aText={VirtualBox is not currently allowed to access USB devices.  You can change this by adding your user to the 'vboxusers' group.  Please see the user manual for a more detailed explanation}, preserve=true aResultDetail=0
00:03:47.334155 nspr-2   WARNING [COM]: aRC=NS_ERROR_FAILURE (0x80004005) aIID={e54f6256-97a7-4947-8a78-10c013ddf4b8} aComponent={HostWrap} aText={VirtualBox is not currently allowed to access USB devices.  You can change this by adding your user to the 'vboxusers' group.  Please see the user manual for a more detailed explanation}, preserve=true aResultDetail=0
00:03:47.344026 nspr-2   ERROR [COM]: aRC=NS_ERROR_FAILURE (0x80004005) aIID={300763af-5d6b-46e6-aa96-273eac15538a} aComponent={SessionMachine} aText={This machine does not have any snapshots}, preserve=false aResultDetail=0
00:03:47.451883 nspr-4   ERROR [COM]: aRC=VBOX_E_NOT_SUPPORTED (0x80bb0009) aIID={300763af-5d6b-46e6-aa96-273eac15538a} aComponent={SessionMachine} aText={This VM is not encrypted}, preserve=false aResultDetail=0
00:03:47.465882 nspr-2   WARNING [COM]: aRC=NS_ERROR_FAILURE (0x80004005) aIID={e54f6256-97a7-4947-8a78-10c013ddf4b8} aComponent={HostWrap} aText={VirtualBox is not currently allowed to access USB devices.  You can change this by adding your user to the 'vboxusers' group.  Please see the user manual for a more detailed explanation}, preserve=true aResultDetail=0
00:03:47.465984 nspr-3   WARNING [COM]: aRC=NS_ERROR_FAILURE (0x80004005) aIID={e54f6256-97a7-4947-8a78-10c013ddf4b8} aComponent={HostWrap} aText={VirtualBox is not currently allowed to access USB devices.  You can change this by adding your user to the 'vboxusers' group.  Please see the user manual for a more detailed explanation}, preserve=true aResultDetail=0
00:03:47.473159 nspr-3   ERROR [COM]: aRC=NS_ERROR_FAILURE (0x80004005) aIID={300763af-5d6b-46e6-aa96-273eac15538a} aComponent={SessionMachine} aText={This machine does not have any snapshots}, preserve=false aResultDetail=0
00:03:47.567306 nspr-3   ERROR [COM]: aRC=VBOX_E_NOT_SUPPORTED (0x80bb0009) aIID={300763af-5d6b-46e6-aa96-273eac15538a} aComponent={SessionMachine} aText={This VM is not encrypted}, preserve=false aResultDetail=0
00:03:47.581371 nspr-3   WARNING [COM]: aRC=NS_ERROR_FAILURE (0x80004005) aIID={e54f6256-97a7-4947-8a78-10c013ddf4b8} aComponent={HostWrap} aText={VirtualBox is not currently allowed to access USB devices.  You can change this by adding your user to the 'vboxusers' group.  Please see the user manual for a more detailed explanation}, preserve=true aResultDetail=0
00:03:47.581479 nspr-2   WARNING [COM]: aRC=NS_ERROR_FAILURE (0x80004005) aIID={e54f6256-97a7-4947-8a78-10c013ddf4b8} aComponent={HostWrap} aText={VirtualBox is not currently allowed to access USB devices.  You can change this by adding your user to the 'vboxusers' group.  Please see the user manual for a more detailed explanation}, preserve=true aResultDetail=0
00:03:47.588147 nspr-2   ERROR [COM]: aRC=NS_ERROR_FAILURE (0x80004005) aIID={300763af-5d6b-46e6-aa96-273eac15538a} aComponent={SessionMachine} aText={This machine does not have any snapshots}, preserve=false aResultDetail=0
00:03:47.665913 nspr-3   ERROR [COM]: aRC=VBOX_E_NOT_SUPPORTED (0x80bb0009) aIID={300763af-5d6b-46e6-aa96-273eac15538a} aComponent={SessionMachine} aText={This VM is not encrypted}, preserve=false aResultDetail=0
00:03:47.682556 nspr-3   WARNING [COM]: aRC=NS_ERROR_FAILURE (0x80004005) aIID={e54f6256-97a7-4947-8a78-10c013ddf4b8} aComponent={HostWrap} aText={VirtualBox is not currently allowed to access USB devices.  You can change this by adding your user to the 'vboxusers' group.  Please see the user manual for a more detailed explanation}, preserve=true aResultDetail=0
00:03:47.682677 nspr-2   WARNING [COM]: aRC=NS_ERROR_FAILURE (0x80004005) aIID={e54f6256-97a7-4947-8a78-10c013ddf4b8} aComponent={HostWrap} aText={VirtualBox is not currently allowed to access USB devices.  You can change this by adding your user to the 'vboxusers' group.  Please see the user manual for a more detailed explanation}, preserve=true aResultDetail=0
00:03:47.689832 nspr-2   ERROR [COM]: aRC=NS_ERROR_FAILURE (0x80004005) aIID={300763af-5d6b-46e6-aa96-273eac15538a} aComponent={SessionMachine} aText={This machine does not have any snapshots}, preserve=false aResultDetail=0
00:03:47.760167 nspr-4   ERROR [COM]: aRC=VBOX_E_NOT_SUPPORTED (0x80bb0009) aIID={300763af-5d6b-46e6-aa96-273eac15538a} aComponent={SessionMachine} aText={This VM is not encrypted}, preserve=false aResultDetail=0
00:03:47.775600 nspr-3   WARNING [COM]: aRC=NS_ERROR_FAILURE (0x80004005) aIID={e54f6256-97a7-4947-8a78-10c013ddf4b8} aComponent={HostWrap} aText={VirtualBox is not currently allowed to access USB devices.  You can change this by adding your user to the 'vboxusers' group.  Please see the user manual for a more detailed explanation}, preserve=true aResultDetail=0
00:03:47.775712 nspr-2   WARNING [COM]: aRC=NS_ERROR_FAILURE (0x80004005) aIID={e54f6256-97a7-4947-8a78-10c013ddf4b8} aComponent={HostWrap} aText={VirtualBox is not currently allowed to access USB devices.  You can change this by adding your user to the 'vboxusers' group.  Please see the user manual for a more detailed explanation}, preserve=true aResultDetail=0
00:03:47.783136 nspr-2   ERROR [COM]: aRC=NS_ERROR_FAILURE (0x80004005) aIID={300763af-5d6b-46e6-aa96-273eac15538a} aComponent={SessionMachine} aText={This machine does not have any snapshots}, preserve=false aResultDetail=0
00:03:48.638921 nspr-2   ERROR [COM]: aRC=VBOX_E_NOT_SUPPORTED (0x80bb0009) aIID={300763af-5d6b-46e6-aa96-273eac15538a} aComponent={SessionMachine} aText={This VM is not encrypted}, preserve=false aResultDetail=0
00:03:48.654664 nspr-4   WARNING [COM]: aRC=NS_ERROR_FAILURE (0x80004005) aIID={e54f6256-97a7-4947-8a78-10c013ddf4b8} aComponent={HostWrap} aText={VirtualBox is not currently allowed to access USB devices.  You can change this by adding your user to the 'vboxusers' group.  Please see the user manual for a more detailed explanation}, preserve=true aResultDetail=0
00:03:48.654812 nspr-3   WARNING [COM]: aRC=NS_ERROR_FAILURE (0x80004005) aIID={e54f6256-97a7-4947-8a78-10c013ddf4b8} aComponent={HostWrap} aText={VirtualBox is not currently allowed to access USB devices.  You can change this by adding your user to the 'vboxusers' group.  Please see the user manual for a more detailed explanation}, preserve=true aResultDetail=0
00:03:48.662927 nspr-3   ERROR [COM]: aRC=NS_ERROR_FAILURE (0x80004005) aIID={300763af-5d6b-46e6-aa96-273eac15538a} aComponent={SessionMachine} aText={This machine does not have any snapshots}, preserve=false aResultDetail=0
00:03:48.730710 nspr-4   ERROR [COM]: aRC=VBOX_E_NOT_SUPPORTED (0x80bb0009) aIID={300763af-5d6b-46e6-aa96-273eac15538a} aComponent={SessionMachine} aText={This VM is not encrypted}, preserve=false aResultDetail=0
00:03:48.749658 nspr-3   WARNING [COM]: aRC=NS_ERROR_FAILURE (0x80004005) aIID={e54f6256-97a7-4947-8a78-10c013ddf4b8} aComponent={HostWrap} aText={VirtualBox is not currently allowed to access USB devices.  You can change this by adding your user to the 'vboxusers' group.  Please see the user manual for a more detailed explanation}, preserve=true aResultDetail=0
00:03:48.749802 nspr-4   WARNING [COM]: aRC=NS_ERROR_FAILURE (0x80004005) aIID={e54f6256-97a7-4947-8a78-10c013ddf4b8} aComponent={HostWrap} aText={VirtualBox is not currently allowed to access USB devices.  You can change this by adding your user to the 'vboxusers' group.  Please see the user manual for a more detailed explanation}, preserve=true aResultDetail=0
00:03:48.756451 nspr-4   ERROR [COM]: aRC=NS_ERROR_FAILURE (0x80004005) aIID={300763af-5d6b-46e6-aa96-273eac15538a} aComponent={SessionMachine} aText={This machine does not have any snapshots}, preserve=false aResultDetail=0
00:03:50.739363 nspr-4   ERROR [COM]: aRC=VBOX_E_NOT_SUPPORTED (0x80bb0009) aIID={300763af-5d6b-46e6-aa96-273eac15538a} aComponent={SessionMachine} aText={This VM is not encrypted}, preserve=false aResultDetail=0
00:03:50.752521 nspr-2   WARNING [COM]: aRC=NS_ERROR_FAILURE (0x80004005) aIID={e54f6256-97a7-4947-8a78-10c013ddf4b8} aComponent={HostWrap} aText={VirtualBox is not currently allowed to access USB devices.  You can change this by adding your user to the 'vboxusers' group.  Please see the user manual for a more detailed explanation}, preserve=true aResultDetail=0
00:03:50.752699 nspr-3   WARNING [COM]: aRC=NS_ERROR_FAILURE (0x80004005) aIID={e54f6256-97a7-4947-8a78-10c013ddf4b8} aComponent={HostWrap} aText={VirtualBox is not currently allowed to access USB devices.  You can change this by adding your user to the 'vboxusers' group.  Please see the user manual for a more detailed explanation}, preserve=true aResultDetail=0
00:03:50.758459 nspr-3   ERROR [COM]: aRC=NS_ERROR_FAILURE (0x80004005) aIID={300763af-5d6b-46e6-aa96-273eac15538a} aComponent={SessionMachine} aText={This machine does not have any snapshots}, preserve=false aResultDetail=0
00:03:51.851679 nspr-2   ERROR [COM]: aRC=VBOX_E_NOT_SUPPORTED (0x80bb0009) aIID={300763af-5d6b-46e6-aa96-273eac15538a} aComponent={SessionMachine} aText={This VM is not encrypted}, preserve=false aResultDetail=0
00:03:51.864762 nspr-4   WARNING [COM]: aRC=NS_ERROR_FAILURE (0x80004005) aIID={e54f6256-97a7-4947-8a78-10c013ddf4b8} aComponent={HostWrap} aText={VirtualBox is not currently allowed to access USB devices.  You can change this by adding your user to the 'vboxusers' group.  Please see the user manual for a more detailed explanation}, preserve=true aResultDetail=0
00:03:51.864886 nspr-3   WARNING [COM]: aRC=NS_ERROR_FAILURE (0x80004005) aIID={e54f6256-97a7-4947-8a78-10c013ddf4b8} aComponent={HostWrap} aText={VirtualBox is not currently allowed to access USB devices.  You can change this by adding your user to the 'vboxusers' group.  Please see the user manual for a more detailed explanation}, preserve=true aResultDetail=0
00:03:51.871282 nspr-2   ERROR [COM]: aRC=NS_ERROR_FAILURE (0x80004005) aIID={300763af-5d6b-46e6-aa96-273eac15538a} aComponent={SessionMachine} aText={This machine does not have any snapshots}, preserve=false aResultDetail=0
00:03:51.923142 nspr-4   Saving settings file "/home/krit/VirtualBox VMs/pintos0_default_1711498316343_40354/pintos0_default_1711498316343_40354.vbox" with version "1.19-linux"
00:03:51.924827 nspr-4   Finished saving settings file "/home/krit/VirtualBox VMs/pintos0_default_1711498316343_40354/pintos0_default_1711498316343_40354.vbox"
00:03:52.944592 nspr-3   ERROR [COM]: aRC=VBOX_E_NOT_SUPPORTED (0x80bb0009) aIID={300763af-5d6b-46e6-aa96-273eac15538a} aComponent={SessionMachine} aText={This VM is not encrypted}, preserve=false aResultDetail=0
00:03:52.957582 nspr-4   WARNING [COM]: aRC=NS_ERROR_FAILURE (0x80004005) aIID={e54f6256-97a7-4947-8a78-10c013ddf4b8} aComponent={HostWrap} aText={VirtualBox is not currently allowed to access USB devices.  You can change this by adding your user to the 'vboxusers' group.  Please see the user manual for a more detailed explanation}, preserve=true aResultDetail=0
00:03:52.957709 nspr-3   WARNING [COM]: aRC=NS_ERROR_FAILURE (0x80004005) aIID={e54f6256-97a7-4947-8a78-10c013ddf4b8} aComponent={HostWrap} aText={VirtualBox is not currently allowed to access USB devices.  You can change this by adding your user to the 'vboxusers' group.  Please see the user manual for a more detailed explanation}, preserve=true aResultDetail=0
00:03:52.960127 nspr-4   ERROR [COM]: aRC=NS_ERROR_FAILURE (0x80004005) aIID={300763af-5d6b-46e6-aa96-273eac15538a} aComponent={SessionMachine} aText={This machine does not have any snapshots}, preserve=false aResultDetail=0
00:03:53.025131 nspr-4   ERROR [COM]: aRC=VBOX_E_NOT_SUPPORTED (0x80bb0009) aIID={300763af-5d6b-46e6-aa96-273eac15538a} aComponent={SessionMachine} aText={This VM is not encrypted}, preserve=false aResultDetail=0
00:03:53.038343 nspr-2   WARNING [COM]: aRC=NS_ERROR_FAILURE (0x80004005) aIID={e54f6256-97a7-4947-8a78-10c013ddf4b8} aComponent={HostWrap} aText={VirtualBox is not currently allowed to access USB devices.  You can change this by adding your user to the 'vboxusers' group.  Please see the user manual for a more detailed explanation}, preserve=true aResultDetail=0
00:03:53.038464 nspr-4   WARNING [COM]: aRC=NS_ERROR_FAILURE (0x80004005) aIID={e54f6256-97a7-4947-8a78-10c013ddf4b8} aComponent={HostWrap} aText={VirtualBox is not currently allowed to access USB devices.  You can change this by adding your user to the 'vboxusers' group.  Please see the user manual for a more detailed explanation}, preserve=true aResultDetail=0
00:03:53.040789 nspr-2   ERROR [COM]: aRC=NS_ERROR_FAILURE (0x80004005) aIID={300763af-5d6b-46e6-aa96-273eac15538a} aComponent={SessionMachine} aText={This machine does not have any snapshots}, preserve=false aResultDetail=0
00:03:53.118223 nspr-4   ERROR [COM]: aRC=VBOX_E_NOT_SUPPORTED (0x80bb0009) aIID={300763af-5d6b-46e6-aa96-273eac15538a} aComponent={SessionMachine} aText={This VM is not encrypted}, preserve=false aResultDetail=0
00:03:53.132751 nspr-2   WARNING [COM]: aRC=NS_ERROR_FAILURE (0x80004005) aIID={e54f6256-97a7-4947-8a78-10c013ddf4b8} aComponent={HostWrap} aText={VirtualBox is not currently allowed to access USB devices.  You can change this by adding your user to the 'vboxusers' group.  Please see the user manual for a more detailed explanation}, preserve=true aResultDetail=0
00:03:53.132966 nspr-3   WARNING [COM]: aRC=NS_ERROR_FAILURE (0x80004005) aIID={e54f6256-97a7-4947-8a78-10c013ddf4b8} aComponent={HostWrap} aText={VirtualBox is not currently allowed to access USB devices.  You can change this by adding your user to the 'vboxusers' group.  Please see the user manual for a more detailed explanation}, preserve=true aResultDetail=0
00:03:53.136888 nspr-2   ERROR [COM]: aRC=NS_ERROR_FAILURE (0x80004005) aIID={300763af-5d6b-46e6-aa96-273eac15538a} aComponent={SessionMachine} aText={This machine does not have any snapshots}, preserve=false aResultDetail=0
00:03:58.139451 main     VirtualBox: object deletion starts
00:03:58.139511 main     ERROR [COM]: aRC=VBOX_E_OBJECT_IN_USE (0x80bb000c) aIID={ad47ad09-787b-44ab-b343-a082a3f2dfb1} aComponent={MediumWrap} aText={Medium '/home/krit/VirtualBox VMs/pintos0_default_1711498316343_40354/box-disk1.vmdk' cannot be closed because it is still attached to 1 virtual machines}, preserve=false aResultDetail=0
00:03:58.140043 main     HostDnsMonitor: shutting down ...
00:03:58.140846 main     HostDnsMonitor: shut down
00:03:58.157426 Watcher  ERROR [COM]: aRC=E_ACCESSDENIED (0x80070005) aIID={7682d5eb-f00e-44f1-8ca2-99d08b1cd607} aComponent={VirtualBoxWrap} aText={The object is not ready}, preserve=false aResultDetail=0
00:03:58.157575 main     VirtualBox: object deleted
