2024-06-23 22:12:33.474 [info] Added views:workbench.panel.markers.view in workbench.panel.markers
2024-06-23 22:12:33.474 [info] Added views:workbench.panel.output in workbench.panel.output
2024-06-23 22:12:33.474 [info] Added views:terminal in terminal
2024-06-23 22:12:33.474 [info] Added views:outline in workbench.view.explorer
2024-06-23 22:12:33.474 [info] Added views:workbench.scm in workbench.view.scm
2024-06-23 22:12:33.474 [info] Added views:workbench.view.search in workbench.view.search
2024-06-23 22:12:33.474 [info] Added views:timeline in workbench.view.explorer
2024-06-23 22:12:33.474 [info] Added views:workbench.explorer.emptyView in workbench.view.explorer
2024-06-23 22:12:33.569 [info] Added views:workbench.debug.variablesView,workbench.debug.watchExpressionsView,workbench.debug.callStackView,workbench.debug.breakPointsView in workbench.view.debug
2024-06-23 22:12:33.705 [info] Added views:~remote.forwardedPorts in ~remote.forwardedPortsContainer
2024-06-23 22:12:33.753 [info] Added views:workbench.panel.repl.view in workbench.panel.repl
2024-06-23 22:12:33.754 [info] Removed views:workbench.debug.breakPointsView,workbench.debug.callStackView,workbench.debug.watchExpressionsView,workbench.debug.variablesView from workbench.view.debug
2024-06-23 22:12:33.754 [info] Added views:workbench.debug.welcome in workbench.view.debug
2024-06-23 22:12:35.179 [info] Added views:workbench.views.extensions.installed,workbench.views.extensions.popular,extensions.recommendedList in workbench.view.extensions
2024-06-23 22:12:35.179 [info] Removed views:workbench.views.extensions.popular from workbench.view.extensions
2024-06-23 22:14:57.288 [info] Added views:workbench.panel.markers.view in workbench.panel.markers
2024-06-23 22:14:57.288 [info] Added views:workbench.panel.output in workbench.panel.output
2024-06-23 22:14:57.288 [info] Added views:terminal in terminal
2024-06-23 22:14:57.288 [info] Added views:outline in workbench.view.explorer
2024-06-23 22:14:57.288 [info] Added views:workbench.scm in workbench.view.scm
2024-06-23 22:14:57.288 [info] Added views:workbench.view.search in workbench.view.search
2024-06-23 22:14:57.288 [info] Added views:timeline in workbench.view.explorer
2024-06-23 22:14:57.288 [info] Added views:workbench.explorer.emptyView in workbench.view.explorer
2024-06-23 22:14:57.391 [info] Added views:workbench.debug.welcome in workbench.view.debug
2024-06-23 22:14:57.503 [info] Added views:workbench.panel.repl.view in workbench.panel.repl
2024-06-23 22:14:57.576 [info] Added views:~remote.forwardedPorts in ~remote.forwardedPortsContainer
2024-06-23 22:14:57.598 [info] Added views:workbench.views.extensions.installed,extensions.recommendedList in workbench.view.extensions
