2024-06-23 22:12:33.739 [info] Extension host with pid 463032 started
2024-06-23 22:12:33.753 [info] ExtensionService#_doActivateExtension vscode.emmet, startup: false, activationEvent: 'onLanguage'
2024-06-23 22:12:33.764 [info] ExtensionService#_doActivateExtension vscode.git-base, startup: true, activationEvent: '*', root cause: vscode.git
2024-06-23 22:12:33.765 [info] ExtensionService#_doActivateExtension vscode.git, startup: true, activationEvent: '*'
2024-06-23 22:12:33.777 [info] ExtensionService#_doActivateExtension vscode.github, startup: true, activationEvent: '*'
2024-06-23 22:12:33.794 [info] Eager extensions activated
2024-06-23 22:12:33.800 [info] ExtensionService#_doActivateExtension vscode.debug-auto-launch, startup: false, activationEvent: 'onStartupFinished'
2024-06-23 22:12:33.801 [info] ExtensionService#_doActivateExtension vscode.merge-conflict, startup: false, activationEvent: 'onStartupFinished'
2024-06-23 22:12:33.804 [info] ExtensionService#_doActivateExtension Catppuccin.catppuccin-vsc, startup: false, activationEvent: 'onStartupFinished'
2024-06-23 22:12:58.801 [info] ExtensionService#_doActivateExtension vscode.json-language-features, startup: false, activationEvent: 'onLanguage:jsonc'
2024-06-23 22:12:58.812 [info] ExtensionService#_doActivateExtension vscode.typescript-language-features, startup: false, activationEvent: 'onLanguage:jsonc'
2024-06-23 22:14:56.787 [info] Extension host terminating: renderer closed the MessagePort
2024-06-23 22:14:56.790 [info] Extension host with pid 463032 exiting with code 0
2024-06-23 22:14:57.490 [info] Extension host with pid 467937 started
2024-06-23 22:14:57.502 [info] ExtensionService#_doActivateExtension vscode.emmet, startup: false, activationEvent: 'onLanguage'
2024-06-23 22:14:57.505 [info] ExtensionService#_doActivateExtension vscode.json-language-features, startup: false, activationEvent: 'onLanguage:jsonc'
2024-06-23 22:14:57.515 [info] ExtensionService#_doActivateExtension vscode.typescript-language-features, startup: false, activationEvent: 'onLanguage:jsonc'
2024-06-23 22:14:57.634 [info] ExtensionService#_doActivateExtension vscode.git-base, startup: true, activationEvent: '*', root cause: vscode.git
2024-06-23 22:14:57.636 [info] ExtensionService#_doActivateExtension vscode.git, startup: true, activationEvent: '*'
2024-06-23 22:14:57.647 [info] ExtensionService#_doActivateExtension vscode.github, startup: true, activationEvent: '*'
2024-06-23 22:14:57.684 [info] Eager extensions activated
2024-06-23 22:14:57.716 [info] ExtensionService#_doActivateExtension vscode.debug-auto-launch, startup: false, activationEvent: 'onStartupFinished'
2024-06-23 22:14:57.717 [info] ExtensionService#_doActivateExtension vscode.merge-conflict, startup: false, activationEvent: 'onStartupFinished'
2024-06-23 22:14:57.720 [info] ExtensionService#_doActivateExtension Catppuccin.catppuccin-vsc, startup: false, activationEvent: 'onStartupFinished'
2024-06-23 22:16:27.722 [info] Extension host terminating: renderer closed the MessagePort
2024-06-23 22:16:27.725 [info] Extension host with pid 467937 exiting with code 0
